2024-12-15T16:17:09.959+08:00  INFO 4740 --- [springboot-chat] [main] chat.SpringbootChatApplication           : Starting SpringbootChatApplication using Java 21.0.5 with PID 4740 (C:\Users\88693\Desktop\our resource\java\workspace\Convlo\Convlo\Convlo-Backend\target\classes started by 88693 in C:\Users\88693\Desktop\our resource\java\workspace\Convlo\Convlo\Convlo-Backend)
2024-12-15T16:17:09.970+08:00  INFO 4740 --- [springboot-chat] [main] chat.SpringbootChatApplication           : No active profile set, falling back to 1 default profile: "default"
2024-12-15T16:17:10.438+08:00  INFO 4740 --- [springboot-chat] [main] .s.d.r.c.RepositoryConfigurationDelegate : Bootstrapping Spring Data JPA repositories in DEFAULT mode.
2024-12-15T16:17:10.484+08:00  INFO 4740 --- [springboot-chat] [main] .s.d.r.c.RepositoryConfigurationDelegate : Finished Spring Data repository scanning in 41 ms. Found 3 JPA repository interfaces.
2024-12-15T16:17:10.853+08:00  INFO 4740 --- [springboot-chat] [main] o.s.b.w.embedded.tomcat.TomcatWebServer  : Tomcat initialized with port 8089 (http)
2024-12-15T16:17:10.863+08:00  INFO 4740 --- [springboot-chat] [main] o.apache.catalina.core.StandardService   : Starting service [Tomcat]
2024-12-15T16:17:10.863+08:00  INFO 4740 --- [springboot-chat] [main] o.apache.catalina.core.StandardEngine    : Starting Servlet engine: [Apache Tomcat/10.1.31]
2024-12-15T16:17:10.901+08:00  INFO 4740 --- [springboot-chat] [main] o.a.c.c.C.[Tomcat].[localhost].[/]       : Initializing Spring embedded WebApplicationContext
2024-12-15T16:17:10.901+08:00  INFO 4740 --- [springboot-chat] [main] w.s.c.ServletWebServerApplicationContext : Root WebApplicationContext: initialization completed in 896 ms
2024-12-15T16:17:11.012+08:00  INFO 4740 --- [springboot-chat] [main] o.hibernate.jpa.internal.util.LogHelper  : HHH000204: Processing PersistenceUnitInfo [name: default]
2024-12-15T16:17:11.047+08:00  INFO 4740 --- [springboot-chat] [main] org.hibernate.Version                    : HHH000412: Hibernate ORM core version 6.5.3.Final
2024-12-15T16:17:11.079+08:00  INFO 4740 --- [springboot-chat] [main] o.h.c.internal.RegionFactoryInitiator    : HHH000026: Second-level cache disabled
2024-12-15T16:17:11.274+08:00  INFO 4740 --- [springboot-chat] [main] o.s.o.j.p.SpringPersistenceUnitInfo      : No LoadTimeWeaver setup: ignoring JPA class transformer
2024-12-15T16:17:11.294+08:00  INFO 4740 --- [springboot-chat] [main] com.zaxxer.hikari.HikariDataSource       : HikariPool-1 - Starting...
2024-12-15T16:17:11.400+08:00  INFO 4740 --- [springboot-chat] [main] com.zaxxer.hikari.pool.HikariPool        : HikariPool-1 - Added connection com.mysql.cj.jdbc.ConnectionImpl@100807ca
2024-12-15T16:17:11.401+08:00  INFO 4740 --- [springboot-chat] [main] com.zaxxer.hikari.HikariDataSource       : HikariPool-1 - Start completed.
2024-12-15T16:17:12.082+08:00  INFO 4740 --- [springboot-chat] [main] o.h.e.t.j.p.i.JtaPlatformInitiator       : HHH000489: No JTA platform available (set 'hibernate.transaction.jta.platform' to enable JTA platform integration)
2024-12-15T16:17:12.138+08:00  INFO 4740 --- [springboot-chat] [main] j.LocalContainerEntityManagerFactoryBean : Initialized JPA EntityManagerFactory for persistence unit 'default'
2024-12-15T16:17:12.301+08:00  INFO 4740 --- [springboot-chat] [main] o.s.d.j.r.query.QueryEnhancerFactory     : Hibernate is in classpath; If applicable, HQL parser will be used.
2024-12-15T16:17:12.812+08:00  WARN 4740 --- [springboot-chat] [main] JpaBaseConfiguration$JpaWebConfiguration : spring.jpa.open-in-view is enabled by default. Therefore, database queries may be performed during view rendering. Explicitly configure spring.jpa.open-in-view to disable this warning
2024-12-15T16:17:12.835+08:00  INFO 4740 --- [springboot-chat] [main] r$InitializeUserDetailsManagerConfigurer : Global AuthenticationManager configured with UserDetailsService bean with name userDetailsService
2024-12-15T16:17:13.179+08:00  INFO 4740 --- [springboot-chat] [main] o.s.b.w.embedded.tomcat.TomcatWebServer  : Tomcat started on port 8089 (http) with context path '/'
2024-12-15T16:17:13.182+08:00  INFO 4740 --- [springboot-chat] [main] o.s.a.r.c.CachingConnectionFactory       : Attempting to connect to: [localhost:5672]
2024-12-15T16:17:13.214+08:00  INFO 4740 --- [springboot-chat] [main] o.s.a.r.c.CachingConnectionFactory       : Created new connection: rabbitConnectionFactory#1082883b:0/SimpleConnection@72bf63a [delegate=amqp://guest@127.0.0.1:5672/, localPort=63180]
2024-12-15T16:17:13.267+08:00  INFO 4740 --- [springboot-chat] [main] chat.SpringbootChatApplication           : Started SpringbootChatApplication in 3.559 seconds (process running for 3.976)
2024-12-15T16:17:17.546+08:00  INFO 4740 --- [springboot-chat] [http-nio-8089-exec-1] o.a.c.c.C.[Tomcat].[localhost].[/]       : Initializing Spring DispatcherServlet 'dispatcherServlet'
2024-12-15T16:17:17.546+08:00  INFO 4740 --- [springboot-chat] [http-nio-8089-exec-1] o.s.web.servlet.DispatcherServlet        : Initializing Servlet 'dispatcherServlet'
2024-12-15T16:17:17.546+08:00  INFO 4740 --- [springboot-chat] [http-nio-8089-exec-1] o.s.web.servlet.DispatcherServlet        : Completed initialization in 0 ms
2024-12-15T16:17:17.635+08:00 ERROR 4740 --- [springboot-chat] [http-nio-8089-exec-6] o.a.t.websocket.pojo.PojoEndpointBase    : Failed to call onError method of POJO end point for POJO of type [chat.websocket.AuthWebSocketServer]

java.lang.reflect.InvocationTargetException: null
	at java.base/jdk.internal.reflect.DirectMethodHandleAccessor.invoke(DirectMethodHandleAccessor.java:115) ~[na:na]
	at java.base/java.lang.reflect.Method.invoke(Method.java:580) ~[na:na]
	at org.apache.tomcat.websocket.pojo.PojoEndpointBase.onError(PojoEndpointBase.java:126) ~[tomcat-embed-websocket-10.1.31.jar:10.1.31]
	at org.apache.tomcat.websocket.pojo.PojoEndpointBase.handleOnOpenOrCloseError(PojoEndpointBase.java:88) ~[tomcat-embed-websocket-10.1.31.jar:10.1.31]
	at org.apache.tomcat.websocket.pojo.PojoEndpointBase.doOnOpen(PojoEndpointBase.java:75) ~[tomcat-embed-websocket-10.1.31.jar:10.1.31]
	at org.apache.tomcat.websocket.pojo.PojoEndpointServer.onOpen(PojoEndpointServer.java:46) ~[tomcat-embed-websocket-10.1.31.jar:10.1.31]
	at org.apache.tomcat.websocket.server.WsHttpUpgradeHandler.init(WsHttpUpgradeHandler.java:131) ~[tomcat-embed-websocket-10.1.31.jar:10.1.31]
	at org.apache.coyote.AbstractProtocol$ConnectionHandler.process(AbstractProtocol.java:947) ~[tomcat-embed-core-10.1.31.jar:10.1.31]
	at org.apache.tomcat.util.net.NioEndpoint$SocketProcessor.doRun(NioEndpoint.java:1741) ~[tomcat-embed-core-10.1.31.jar:10.1.31]
	at org.apache.tomcat.util.net.SocketProcessorBase.run(SocketProcessorBase.java:52) ~[tomcat-embed-core-10.1.31.jar:10.1.31]
	at org.apache.tomcat.util.threads.ThreadPoolExecutor.runWorker(ThreadPoolExecutor.java:1190) ~[tomcat-embed-core-10.1.31.jar:10.1.31]
	at org.apache.tomcat.util.threads.ThreadPoolExecutor$Worker.run(ThreadPoolExecutor.java:659) ~[tomcat-embed-core-10.1.31.jar:10.1.31]
	at org.apache.tomcat.util.threads.TaskThread$WrappingRunnable.run(TaskThread.java:63) ~[tomcat-embed-core-10.1.31.jar:10.1.31]
	at java.base/java.lang.Thread.run(Thread.java:1583) ~[na:na]
Caused by: java.lang.NullPointerException: Cannot invoke "Object.hashCode()" because "key" is null
	at java.base/java.util.concurrent.ConcurrentHashMap.replaceNode(ConcurrentHashMap.java:1111) ~[na:na]
	at java.base/java.util.concurrent.ConcurrentHashMap.remove(ConcurrentHashMap.java:1102) ~[na:na]
	at chat.websocket.AuthWebSocketServer.onError(AuthWebSocketServer.java:81) ~[classes/:na]
	at java.base/jdk.internal.reflect.DirectMethodHandleAccessor.invoke(DirectMethodHandleAccessor.java:103) ~[na:na]
	... 13 common frames omitted

2024-12-15T16:17:17.635+08:00 ERROR 4740 --- [springboot-chat] [http-nio-8089-exec-5] o.a.t.websocket.pojo.PojoEndpointBase    : Failed to call onError method of POJO end point for POJO of type [chat.websocket.AuthWebSocketServer]

java.lang.reflect.InvocationTargetException: null
	at java.base/jdk.internal.reflect.DirectMethodHandleAccessor.invoke(DirectMethodHandleAccessor.java:115) ~[na:na]
	at java.base/java.lang.reflect.Method.invoke(Method.java:580) ~[na:na]
	at org.apache.tomcat.websocket.pojo.PojoEndpointBase.onError(PojoEndpointBase.java:126) ~[tomcat-embed-websocket-10.1.31.jar:10.1.31]
	at org.apache.tomcat.websocket.pojo.PojoEndpointBase.handleOnOpenOrCloseError(PojoEndpointBase.java:88) ~[tomcat-embed-websocket-10.1.31.jar:10.1.31]
	at org.apache.tomcat.websocket.pojo.PojoEndpointBase.doOnOpen(PojoEndpointBase.java:75) ~[tomcat-embed-websocket-10.1.31.jar:10.1.31]
	at org.apache.tomcat.websocket.pojo.PojoEndpointServer.onOpen(PojoEndpointServer.java:46) ~[tomcat-embed-websocket-10.1.31.jar:10.1.31]
	at org.apache.tomcat.websocket.server.WsHttpUpgradeHandler.init(WsHttpUpgradeHandler.java:131) ~[tomcat-embed-websocket-10.1.31.jar:10.1.31]
	at org.apache.coyote.AbstractProtocol$ConnectionHandler.process(AbstractProtocol.java:947) ~[tomcat-embed-core-10.1.31.jar:10.1.31]
	at org.apache.tomcat.util.net.NioEndpoint$SocketProcessor.doRun(NioEndpoint.java:1741) ~[tomcat-embed-core-10.1.31.jar:10.1.31]
	at org.apache.tomcat.util.net.SocketProcessorBase.run(SocketProcessorBase.java:52) ~[tomcat-embed-core-10.1.31.jar:10.1.31]
	at org.apache.tomcat.util.threads.ThreadPoolExecutor.runWorker(ThreadPoolExecutor.java:1190) ~[tomcat-embed-core-10.1.31.jar:10.1.31]
	at org.apache.tomcat.util.threads.ThreadPoolExecutor$Worker.run(ThreadPoolExecutor.java:659) ~[tomcat-embed-core-10.1.31.jar:10.1.31]
	at org.apache.tomcat.util.threads.TaskThread$WrappingRunnable.run(TaskThread.java:63) ~[tomcat-embed-core-10.1.31.jar:10.1.31]
	at java.base/java.lang.Thread.run(Thread.java:1583) ~[na:na]
Caused by: java.lang.NullPointerException: Cannot invoke "Object.hashCode()" because "key" is null
	at java.base/java.util.concurrent.ConcurrentHashMap.replaceNode(ConcurrentHashMap.java:1111) ~[na:na]
	at java.base/java.util.concurrent.ConcurrentHashMap.remove(ConcurrentHashMap.java:1102) ~[na:na]
	at chat.websocket.AuthWebSocketServer.onError(AuthWebSocketServer.java:81) ~[classes/:na]
	at java.base/jdk.internal.reflect.DirectMethodHandleAccessor.invoke(DirectMethodHandleAccessor.java:103) ~[na:na]
	... 13 common frames omitted

2024-12-15T16:17:17.634+08:00 ERROR 4740 --- [springboot-chat] [http-nio-8089-exec-2] o.a.c.c.C.[.[.[/].[dispatcherServlet]    : Servlet.service() for servlet [dispatcherServlet] in context with path [] threw exception

io.jsonwebtoken.security.SignatureException: JWT signature does not match locally computed signature. JWT validity cannot be asserted and should not be trusted.
	at io.jsonwebtoken.impl.DefaultJwtParser.parse(DefaultJwtParser.java:399) ~[jjwt-impl-0.11.5.jar:0.11.5]
	at io.jsonwebtoken.impl.DefaultJwtParser.parse(DefaultJwtParser.java:529) ~[jjwt-impl-0.11.5.jar:0.11.5]
	at io.jsonwebtoken.impl.DefaultJwtParser.parseClaimsJws(DefaultJwtParser.java:589) ~[jjwt-impl-0.11.5.jar:0.11.5]
	at io.jsonwebtoken.impl.ImmutableJwtParser.parseClaimsJws(ImmutableJwtParser.java:173) ~[jjwt-impl-0.11.5.jar:0.11.5]
	at chat.util.JwtUtil.parseToken(JwtUtil.java:33) ~[classes/:na]
	at chat.util.JwtUtil.getUsernameFromToken(JwtUtil.java:39) ~[classes/:na]
	at chat.config.JwtAuthenticationFilter.doFilterInternal(JwtAuthenticationFilter.java:25) ~[classes/:na]
	at org.springframework.web.filter.OncePerRequestFilter.doFilter(OncePerRequestFilter.java:116) ~[spring-web-6.1.14.jar:6.1.14]
	at org.springframework.security.web.FilterChainProxy$VirtualFilterChain.doFilter(FilterChainProxy.java:374) ~[spring-security-web-6.3.4.jar:6.3.4]
	at org.springframework.security.web.authentication.logout.LogoutFilter.doFilter(LogoutFilter.java:107) ~[spring-security-web-6.3.4.jar:6.3.4]
	at org.springframework.security.web.authentication.logout.LogoutFilter.doFilter(LogoutFilter.java:93) ~[spring-security-web-6.3.4.jar:6.3.4]
	at org.springframework.security.web.FilterChainProxy$VirtualFilterChain.doFilter(FilterChainProxy.java:374) ~[spring-security-web-6.3.4.jar:6.3.4]
	at org.springframework.web.filter.CorsFilter.doFilterInternal(CorsFilter.java:91) ~[spring-web-6.1.14.jar:6.1.14]
	at org.springframework.web.filter.OncePerRequestFilter.doFilter(OncePerRequestFilter.java:116) ~[spring-web-6.1.14.jar:6.1.14]
	at org.springframework.security.web.FilterChainProxy$VirtualFilterChain.doFilter(FilterChainProxy.java:374) ~[spring-security-web-6.3.4.jar:6.3.4]
	at org.springframework.security.web.header.HeaderWriterFilter.doHeadersAfter(HeaderWriterFilter.java:90) ~[spring-security-web-6.3.4.jar:6.3.4]
	at org.springframework.security.web.header.HeaderWriterFilter.doFilterInternal(HeaderWriterFilter.java:75) ~[spring-security-web-6.3.4.jar:6.3.4]
	at org.springframework.web.filter.OncePerRequestFilter.doFilter(OncePerRequestFilter.java:116) ~[spring-web-6.1.14.jar:6.1.14]
	at org.springframework.security.web.FilterChainProxy$VirtualFilterChain.doFilter(FilterChainProxy.java:374) ~[spring-security-web-6.3.4.jar:6.3.4]
	at org.springframework.security.web.context.SecurityContextHolderFilter.doFilter(SecurityContextHolderFilter.java:82) ~[spring-security-web-6.3.4.jar:6.3.4]
	at org.springframework.security.web.context.SecurityContextHolderFilter.doFilter(SecurityContextHolderFilter.java:69) ~[spring-security-web-6.3.4.jar:6.3.4]
	at org.springframework.security.web.FilterChainProxy$VirtualFilterChain.doFilter(FilterChainProxy.java:374) ~[spring-security-web-6.3.4.jar:6.3.4]
	at org.springframework.security.web.context.request.async.WebAsyncManagerIntegrationFilter.doFilterInternal(WebAsyncManagerIntegrationFilter.java:62) ~[spring-security-web-6.3.4.jar:6.3.4]
	at org.springframework.web.filter.OncePerRequestFilter.doFilter(OncePerRequestFilter.java:116) ~[spring-web-6.1.14.jar:6.1.14]
	at org.springframework.security.web.FilterChainProxy$VirtualFilterChain.doFilter(FilterChainProxy.java:374) ~[spring-security-web-6.3.4.jar:6.3.4]
	at org.springframework.security.web.session.DisableEncodeUrlFilter.doFilterInternal(DisableEncodeUrlFilter.java:42) ~[spring-security-web-6.3.4.jar:6.3.4]
	at org.springframework.web.filter.OncePerRequestFilter.doFilter(OncePerRequestFilter.java:116) ~[spring-web-6.1.14.jar:6.1.14]
	at org.springframework.security.web.FilterChainProxy$VirtualFilterChain.doFilter(FilterChainProxy.java:374) ~[spring-security-web-6.3.4.jar:6.3.4]
	at org.springframework.security.web.FilterChainProxy.doFilterInternal(FilterChainProxy.java:233) ~[spring-security-web-6.3.4.jar:6.3.4]
	at org.springframework.security.web.FilterChainProxy.doFilter(FilterChainProxy.java:191) ~[spring-security-web-6.3.4.jar:6.3.4]
	at org.springframework.web.filter.CompositeFilter$VirtualFilterChain.doFilter(CompositeFilter.java:113) ~[spring-web-6.1.14.jar:6.1.14]
	at org.springframework.web.servlet.handler.HandlerMappingIntrospector.lambda$createCacheFilter$3(HandlerMappingIntrospector.java:195) ~[spring-webmvc-6.1.14.jar:6.1.14]
	at org.springframework.web.filter.CompositeFilter$VirtualFilterChain.doFilter(CompositeFilter.java:113) ~[spring-web-6.1.14.jar:6.1.14]
	at org.springframework.web.filter.CompositeFilter.doFilter(CompositeFilter.java:74) ~[spring-web-6.1.14.jar:6.1.14]
	at org.springframework.security.config.annotation.web.configuration.WebMvcSecurityConfiguration$CompositeFilterChainProxy.doFilter(WebMvcSecurityConfiguration.java:230) ~[spring-security-config-6.3.4.jar:6.3.4]
	at org.springframework.web.filter.DelegatingFilterProxy.invokeDelegate(DelegatingFilterProxy.java:362) ~[spring-web-6.1.14.jar:6.1.14]
	at org.springframework.web.filter.DelegatingFilterProxy.doFilter(DelegatingFilterProxy.java:278) ~[spring-web-6.1.14.jar:6.1.14]
	at org.apache.catalina.core.ApplicationFilterChain.internalDoFilter(ApplicationFilterChain.java:164) ~[tomcat-embed-core-10.1.31.jar:10.1.31]
	at org.apache.catalina.core.ApplicationFilterChain.doFilter(ApplicationFilterChain.java:140) ~[tomcat-embed-core-10.1.31.jar:10.1.31]
	at org.springframework.web.filter.RequestContextFilter.doFilterInternal(RequestContextFilter.java:100) ~[spring-web-6.1.14.jar:6.1.14]
	at org.springframework.web.filter.OncePerRequestFilter.doFilter(OncePerRequestFilter.java:116) ~[spring-web-6.1.14.jar:6.1.14]
	at org.apache.catalina.core.ApplicationFilterChain.internalDoFilter(ApplicationFilterChain.java:164) ~[tomcat-embed-core-10.1.31.jar:10.1.31]
	at org.apache.catalina.core.ApplicationFilterChain.doFilter(ApplicationFilterChain.java:140) ~[tomcat-embed-core-10.1.31.jar:10.1.31]
	at org.springframework.web.filter.FormContentFilter.doFilterInternal(FormContentFilter.java:93) ~[spring-web-6.1.14.jar:6.1.14]
	at org.springframework.web.filter.OncePerRequestFilter.doFilter(OncePerRequestFilter.java:116) ~[spring-web-6.1.14.jar:6.1.14]
	at org.apache.catalina.core.ApplicationFilterChain.internalDoFilter(ApplicationFilterChain.java:164) ~[tomcat-embed-core-10.1.31.jar:10.1.31]
	at org.apache.catalina.core.ApplicationFilterChain.doFilter(ApplicationFilterChain.java:140) ~[tomcat-embed-core-10.1.31.jar:10.1.31]
	at org.springframework.web.filter.CharacterEncodingFilter.doFilterInternal(CharacterEncodingFilter.java:201) ~[spring-web-6.1.14.jar:6.1.14]
	at org.springframework.web.filter.OncePerRequestFilter.doFilter(OncePerRequestFilter.java:116) ~[spring-web-6.1.14.jar:6.1.14]
	at org.apache.catalina.core.ApplicationFilterChain.internalDoFilter(ApplicationFilterChain.java:164) ~[tomcat-embed-core-10.1.31.jar:10.1.31]
	at org.apache.catalina.core.ApplicationFilterChain.doFilter(ApplicationFilterChain.java:140) ~[tomcat-embed-core-10.1.31.jar:10.1.31]
	at org.apache.catalina.core.StandardWrapperValve.invoke(StandardWrapperValve.java:167) ~[tomcat-embed-core-10.1.31.jar:10.1.31]
	at org.apache.catalina.core.StandardContextValve.invoke(StandardContextValve.java:90) ~[tomcat-embed-core-10.1.31.jar:10.1.31]
	at org.apache.catalina.authenticator.AuthenticatorBase.invoke(AuthenticatorBase.java:483) ~[tomcat-embed-core-10.1.31.jar:10.1.31]
	at org.apache.catalina.core.StandardHostValve.invoke(StandardHostValve.java:115) ~[tomcat-embed-core-10.1.31.jar:10.1.31]
	at org.apache.catalina.valves.ErrorReportValve.invoke(ErrorReportValve.java:93) ~[tomcat-embed-core-10.1.31.jar:10.1.31]
	at org.apache.catalina.core.StandardEngineValve.invoke(StandardEngineValve.java:74) ~[tomcat-embed-core-10.1.31.jar:10.1.31]
	at org.apache.catalina.connector.CoyoteAdapter.service(CoyoteAdapter.java:344) ~[tomcat-embed-core-10.1.31.jar:10.1.31]
	at org.apache.coyote.http11.Http11Processor.service(Http11Processor.java:384) ~[tomcat-embed-core-10.1.31.jar:10.1.31]
	at org.apache.coyote.AbstractProcessorLight.process(AbstractProcessorLight.java:63) ~[tomcat-embed-core-10.1.31.jar:10.1.31]
	at org.apache.coyote.AbstractProtocol$ConnectionHandler.process(AbstractProtocol.java:905) ~[tomcat-embed-core-10.1.31.jar:10.1.31]
	at org.apache.tomcat.util.net.NioEndpoint$SocketProcessor.doRun(NioEndpoint.java:1741) ~[tomcat-embed-core-10.1.31.jar:10.1.31]
	at org.apache.tomcat.util.net.SocketProcessorBase.run(SocketProcessorBase.java:52) ~[tomcat-embed-core-10.1.31.jar:10.1.31]
	at org.apache.tomcat.util.threads.ThreadPoolExecutor.runWorker(ThreadPoolExecutor.java:1190) ~[tomcat-embed-core-10.1.31.jar:10.1.31]
	at org.apache.tomcat.util.threads.ThreadPoolExecutor$Worker.run(ThreadPoolExecutor.java:659) ~[tomcat-embed-core-10.1.31.jar:10.1.31]
	at org.apache.tomcat.util.threads.TaskThread$WrappingRunnable.run(TaskThread.java:63) ~[tomcat-embed-core-10.1.31.jar:10.1.31]
	at java.base/java.lang.Thread.run(Thread.java:1583) ~[na:na]

2024-12-15T16:17:17.642+08:00 ERROR 4740 --- [springboot-chat] [http-nio-8089-exec-6] o.a.t.websocket.pojo.PojoEndpointBase    : Failed to call onClose method of POJO end point for POJO of type [chat.websocket.AuthWebSocketServer]

java.lang.reflect.InvocationTargetException: null
	at java.base/jdk.internal.reflect.DirectMethodHandleAccessor.invoke(DirectMethodHandleAccessor.java:115) ~[na:na]
	at java.base/java.lang.reflect.Method.invoke(Method.java:580) ~[na:na]
	at org.apache.tomcat.websocket.pojo.PojoEndpointBase.onClose(PojoEndpointBase.java:101) ~[tomcat-embed-websocket-10.1.31.jar:10.1.31]
	at org.apache.tomcat.websocket.WsSession.fireEndpointOnClose(WsSession.java:733) ~[tomcat-embed-websocket-10.1.31.jar:10.1.31]
	at org.apache.tomcat.websocket.WsSession.doClose(WsSession.java:590) ~[tomcat-embed-websocket-10.1.31.jar:10.1.31]
	at org.apache.tomcat.websocket.WsSession.doClose(WsSession.java:556) ~[tomcat-embed-websocket-10.1.31.jar:10.1.31]
	at org.apache.tomcat.websocket.WsSession.close(WsSession.java:544) ~[tomcat-embed-websocket-10.1.31.jar:10.1.31]
	at org.apache.tomcat.websocket.WsSession.close(WsSession.java:538) ~[tomcat-embed-websocket-10.1.31.jar:10.1.31]
	at org.apache.tomcat.websocket.pojo.PojoEndpointBase.handleOnOpenOrCloseError(PojoEndpointBase.java:90) ~[tomcat-embed-websocket-10.1.31.jar:10.1.31]
	at org.apache.tomcat.websocket.pojo.PojoEndpointBase.doOnOpen(PojoEndpointBase.java:75) ~[tomcat-embed-websocket-10.1.31.jar:10.1.31]
	at org.apache.tomcat.websocket.pojo.PojoEndpointServer.onOpen(PojoEndpointServer.java:46) ~[tomcat-embed-websocket-10.1.31.jar:10.1.31]
	at org.apache.tomcat.websocket.server.WsHttpUpgradeHandler.init(WsHttpUpgradeHandler.java:131) ~[tomcat-embed-websocket-10.1.31.jar:10.1.31]
	at org.apache.coyote.AbstractProtocol$ConnectionHandler.process(AbstractProtocol.java:947) ~[tomcat-embed-core-10.1.31.jar:10.1.31]
	at org.apache.tomcat.util.net.NioEndpoint$SocketProcessor.doRun(NioEndpoint.java:1741) ~[tomcat-embed-core-10.1.31.jar:10.1.31]
	at org.apache.tomcat.util.net.SocketProcessorBase.run(SocketProcessorBase.java:52) ~[tomcat-embed-core-10.1.31.jar:10.1.31]
	at org.apache.tomcat.util.threads.ThreadPoolExecutor.runWorker(ThreadPoolExecutor.java:1190) ~[tomcat-embed-core-10.1.31.jar:10.1.31]
	at org.apache.tomcat.util.threads.ThreadPoolExecutor$Worker.run(ThreadPoolExecutor.java:659) ~[tomcat-embed-core-10.1.31.jar:10.1.31]
	at org.apache.tomcat.util.threads.TaskThread$WrappingRunnable.run(TaskThread.java:63) ~[tomcat-embed-core-10.1.31.jar:10.1.31]
	at java.base/java.lang.Thread.run(Thread.java:1583) ~[na:na]
Caused by: java.lang.NullPointerException: Cannot invoke "Object.hashCode()" because "key" is null
	at java.base/java.util.concurrent.ConcurrentHashMap.replaceNode(ConcurrentHashMap.java:1111) ~[na:na]
	at java.base/java.util.concurrent.ConcurrentHashMap.remove(ConcurrentHashMap.java:1102) ~[na:na]
	at chat.websocket.AuthWebSocketServer.onClose(AuthWebSocketServer.java:74) ~[classes/:na]
	at java.base/jdk.internal.reflect.DirectMethodHandleAccessor.invoke(DirectMethodHandleAccessor.java:103) ~[na:na]
	... 18 common frames omitted

2024-12-15T16:17:17.642+08:00 ERROR 4740 --- [springboot-chat] [http-nio-8089-exec-5] o.a.t.websocket.pojo.PojoEndpointBase    : Failed to call onClose method of POJO end point for POJO of type [chat.websocket.AuthWebSocketServer]

java.lang.reflect.InvocationTargetException: null
	at java.base/jdk.internal.reflect.DirectMethodHandleAccessor.invoke(DirectMethodHandleAccessor.java:115) ~[na:na]
	at java.base/java.lang.reflect.Method.invoke(Method.java:580) ~[na:na]
	at org.apache.tomcat.websocket.pojo.PojoEndpointBase.onClose(PojoEndpointBase.java:101) ~[tomcat-embed-websocket-10.1.31.jar:10.1.31]
	at org.apache.tomcat.websocket.WsSession.fireEndpointOnClose(WsSession.java:733) ~[tomcat-embed-websocket-10.1.31.jar:10.1.31]
	at org.apache.tomcat.websocket.WsSession.doClose(WsSession.java:590) ~[tomcat-embed-websocket-10.1.31.jar:10.1.31]
	at org.apache.tomcat.websocket.WsSession.doClose(WsSession.java:556) ~[tomcat-embed-websocket-10.1.31.jar:10.1.31]
	at org.apache.tomcat.websocket.WsSession.close(WsSession.java:544) ~[tomcat-embed-websocket-10.1.31.jar:10.1.31]
	at org.apache.tomcat.websocket.WsSession.close(WsSession.java:538) ~[tomcat-embed-websocket-10.1.31.jar:10.1.31]
	at org.apache.tomcat.websocket.pojo.PojoEndpointBase.handleOnOpenOrCloseError(PojoEndpointBase.java:90) ~[tomcat-embed-websocket-10.1.31.jar:10.1.31]
	at org.apache.tomcat.websocket.pojo.PojoEndpointBase.doOnOpen(PojoEndpointBase.java:75) ~[tomcat-embed-websocket-10.1.31.jar:10.1.31]
	at org.apache.tomcat.websocket.pojo.PojoEndpointServer.onOpen(PojoEndpointServer.java:46) ~[tomcat-embed-websocket-10.1.31.jar:10.1.31]
	at org.apache.tomcat.websocket.server.WsHttpUpgradeHandler.init(WsHttpUpgradeHandler.java:131) ~[tomcat-embed-websocket-10.1.31.jar:10.1.31]
	at org.apache.coyote.AbstractProtocol$ConnectionHandler.process(AbstractProtocol.java:947) ~[tomcat-embed-core-10.1.31.jar:10.1.31]
	at org.apache.tomcat.util.net.NioEndpoint$SocketProcessor.doRun(NioEndpoint.java:1741) ~[tomcat-embed-core-10.1.31.jar:10.1.31]
	at org.apache.tomcat.util.net.SocketProcessorBase.run(SocketProcessorBase.java:52) ~[tomcat-embed-core-10.1.31.jar:10.1.31]
	at org.apache.tomcat.util.threads.ThreadPoolExecutor.runWorker(ThreadPoolExecutor.java:1190) ~[tomcat-embed-core-10.1.31.jar:10.1.31]
	at org.apache.tomcat.util.threads.ThreadPoolExecutor$Worker.run(ThreadPoolExecutor.java:659) ~[tomcat-embed-core-10.1.31.jar:10.1.31]
	at org.apache.tomcat.util.threads.TaskThread$WrappingRunnable.run(TaskThread.java:63) ~[tomcat-embed-core-10.1.31.jar:10.1.31]
	at java.base/java.lang.Thread.run(Thread.java:1583) ~[na:na]
Caused by: java.lang.NullPointerException: Cannot invoke "Object.hashCode()" because "key" is null
	at java.base/java.util.concurrent.ConcurrentHashMap.replaceNode(ConcurrentHashMap.java:1111) ~[na:na]
	at java.base/java.util.concurrent.ConcurrentHashMap.remove(ConcurrentHashMap.java:1102) ~[na:na]
	at chat.websocket.AuthWebSocketServer.onClose(AuthWebSocketServer.java:74) ~[classes/:na]
	at java.base/jdk.internal.reflect.DirectMethodHandleAccessor.invoke(DirectMethodHandleAccessor.java:103) ~[na:na]
	... 18 common frames omitted

2024-12-15T16:17:17.643+08:00 ERROR 4740 --- [springboot-chat] [http-nio-8089-exec-6] o.a.t.websocket.pojo.PojoEndpointBase    : Failed to call onError method of POJO end point for POJO of type [chat.websocket.AuthWebSocketServer]

java.lang.reflect.InvocationTargetException: null
	at java.base/jdk.internal.reflect.DirectMethodHandleAccessor.invoke(DirectMethodHandleAccessor.java:115) ~[na:na]
	at java.base/java.lang.reflect.Method.invoke(Method.java:580) ~[na:na]
	at org.apache.tomcat.websocket.pojo.PojoEndpointBase.onError(PojoEndpointBase.java:126) ~[tomcat-embed-websocket-10.1.31.jar:10.1.31]
	at org.apache.tomcat.websocket.pojo.PojoEndpointBase.handleOnOpenOrCloseError(PojoEndpointBase.java:88) ~[tomcat-embed-websocket-10.1.31.jar:10.1.31]
	at org.apache.tomcat.websocket.pojo.PojoEndpointBase.onClose(PojoEndpointBase.java:105) ~[tomcat-embed-websocket-10.1.31.jar:10.1.31]
	at org.apache.tomcat.websocket.WsSession.fireEndpointOnClose(WsSession.java:733) ~[tomcat-embed-websocket-10.1.31.jar:10.1.31]
	at org.apache.tomcat.websocket.WsSession.doClose(WsSession.java:590) ~[tomcat-embed-websocket-10.1.31.jar:10.1.31]
	at org.apache.tomcat.websocket.WsSession.doClose(WsSession.java:556) ~[tomcat-embed-websocket-10.1.31.jar:10.1.31]
	at org.apache.tomcat.websocket.WsSession.close(WsSession.java:544) ~[tomcat-embed-websocket-10.1.31.jar:10.1.31]
	at org.apache.tomcat.websocket.WsSession.close(WsSession.java:538) ~[tomcat-embed-websocket-10.1.31.jar:10.1.31]
	at org.apache.tomcat.websocket.pojo.PojoEndpointBase.handleOnOpenOrCloseError(PojoEndpointBase.java:90) ~[tomcat-embed-websocket-10.1.31.jar:10.1.31]
	at org.apache.tomcat.websocket.pojo.PojoEndpointBase.doOnOpen(PojoEndpointBase.java:75) ~[tomcat-embed-websocket-10.1.31.jar:10.1.31]
	at org.apache.tomcat.websocket.pojo.PojoEndpointServer.onOpen(PojoEndpointServer.java:46) ~[tomcat-embed-websocket-10.1.31.jar:10.1.31]
	at org.apache.tomcat.websocket.server.WsHttpUpgradeHandler.init(WsHttpUpgradeHandler.java:131) ~[tomcat-embed-websocket-10.1.31.jar:10.1.31]
	at org.apache.coyote.AbstractProtocol$ConnectionHandler.process(AbstractProtocol.java:947) ~[tomcat-embed-core-10.1.31.jar:10.1.31]
	at org.apache.tomcat.util.net.NioEndpoint$SocketProcessor.doRun(NioEndpoint.java:1741) ~[tomcat-embed-core-10.1.31.jar:10.1.31]
	at org.apache.tomcat.util.net.SocketProcessorBase.run(SocketProcessorBase.java:52) ~[tomcat-embed-core-10.1.31.jar:10.1.31]
	at org.apache.tomcat.util.threads.ThreadPoolExecutor.runWorker(ThreadPoolExecutor.java:1190) ~[tomcat-embed-core-10.1.31.jar:10.1.31]
	at org.apache.tomcat.util.threads.ThreadPoolExecutor$Worker.run(ThreadPoolExecutor.java:659) ~[tomcat-embed-core-10.1.31.jar:10.1.31]
	at org.apache.tomcat.util.threads.TaskThread$WrappingRunnable.run(TaskThread.java:63) ~[tomcat-embed-core-10.1.31.jar:10.1.31]
	at java.base/java.lang.Thread.run(Thread.java:1583) ~[na:na]
Caused by: java.lang.NullPointerException: Cannot invoke "Object.hashCode()" because "key" is null
	at java.base/java.util.concurrent.ConcurrentHashMap.replaceNode(ConcurrentHashMap.java:1111) ~[na:na]
	at java.base/java.util.concurrent.ConcurrentHashMap.remove(ConcurrentHashMap.java:1102) ~[na:na]
	at chat.websocket.AuthWebSocketServer.onError(AuthWebSocketServer.java:81) ~[classes/:na]
	at java.base/jdk.internal.reflect.DirectMethodHandleAccessor.invoke(DirectMethodHandleAccessor.java:103) ~[na:na]
	... 20 common frames omitted

2024-12-15T16:17:17.644+08:00 ERROR 4740 --- [springboot-chat] [http-nio-8089-exec-5] o.a.t.websocket.pojo.PojoEndpointBase    : Failed to call onError method of POJO end point for POJO of type [chat.websocket.AuthWebSocketServer]

java.lang.reflect.InvocationTargetException: null
	at java.base/jdk.internal.reflect.DirectMethodHandleAccessor.invoke(DirectMethodHandleAccessor.java:115) ~[na:na]
	at java.base/java.lang.reflect.Method.invoke(Method.java:580) ~[na:na]
	at org.apache.tomcat.websocket.pojo.PojoEndpointBase.onError(PojoEndpointBase.java:126) ~[tomcat-embed-websocket-10.1.31.jar:10.1.31]
	at org.apache.tomcat.websocket.pojo.PojoEndpointBase.handleOnOpenOrCloseError(PojoEndpointBase.java:88) ~[tomcat-embed-websocket-10.1.31.jar:10.1.31]
	at org.apache.tomcat.websocket.pojo.PojoEndpointBase.onClose(PojoEndpointBase.java:105) ~[tomcat-embed-websocket-10.1.31.jar:10.1.31]
	at org.apache.tomcat.websocket.WsSession.fireEndpointOnClose(WsSession.java:733) ~[tomcat-embed-websocket-10.1.31.jar:10.1.31]
	at org.apache.tomcat.websocket.WsSession.doClose(WsSession.java:590) ~[tomcat-embed-websocket-10.1.31.jar:10.1.31]
	at org.apache.tomcat.websocket.WsSession.doClose(WsSession.java:556) ~[tomcat-embed-websocket-10.1.31.jar:10.1.31]
	at org.apache.tomcat.websocket.WsSession.close(WsSession.java:544) ~[tomcat-embed-websocket-10.1.31.jar:10.1.31]
	at org.apache.tomcat.websocket.WsSession.close(WsSession.java:538) ~[tomcat-embed-websocket-10.1.31.jar:10.1.31]
	at org.apache.tomcat.websocket.pojo.PojoEndpointBase.handleOnOpenOrCloseError(PojoEndpointBase.java:90) ~[tomcat-embed-websocket-10.1.31.jar:10.1.31]
	at org.apache.tomcat.websocket.pojo.PojoEndpointBase.doOnOpen(PojoEndpointBase.java:75) ~[tomcat-embed-websocket-10.1.31.jar:10.1.31]
	at org.apache.tomcat.websocket.pojo.PojoEndpointServer.onOpen(PojoEndpointServer.java:46) ~[tomcat-embed-websocket-10.1.31.jar:10.1.31]
	at org.apache.tomcat.websocket.server.WsHttpUpgradeHandler.init(WsHttpUpgradeHandler.java:131) ~[tomcat-embed-websocket-10.1.31.jar:10.1.31]
	at org.apache.coyote.AbstractProtocol$ConnectionHandler.process(AbstractProtocol.java:947) ~[tomcat-embed-core-10.1.31.jar:10.1.31]
	at org.apache.tomcat.util.net.NioEndpoint$SocketProcessor.doRun(NioEndpoint.java:1741) ~[tomcat-embed-core-10.1.31.jar:10.1.31]
	at org.apache.tomcat.util.net.SocketProcessorBase.run(SocketProcessorBase.java:52) ~[tomcat-embed-core-10.1.31.jar:10.1.31]
	at org.apache.tomcat.util.threads.ThreadPoolExecutor.runWorker(ThreadPoolExecutor.java:1190) ~[tomcat-embed-core-10.1.31.jar:10.1.31]
	at org.apache.tomcat.util.threads.ThreadPoolExecutor$Worker.run(ThreadPoolExecutor.java:659) ~[tomcat-embed-core-10.1.31.jar:10.1.31]
	at org.apache.tomcat.util.threads.TaskThread$WrappingRunnable.run(TaskThread.java:63) ~[tomcat-embed-core-10.1.31.jar:10.1.31]
	at java.base/java.lang.Thread.run(Thread.java:1583) ~[na:na]
Caused by: java.lang.NullPointerException: Cannot invoke "Object.hashCode()" because "key" is null
	at java.base/java.util.concurrent.ConcurrentHashMap.replaceNode(ConcurrentHashMap.java:1111) ~[na:na]
	at java.base/java.util.concurrent.ConcurrentHashMap.remove(ConcurrentHashMap.java:1102) ~[na:na]
	at chat.websocket.AuthWebSocketServer.onError(AuthWebSocketServer.java:81) ~[classes/:na]
	at java.base/jdk.internal.reflect.DirectMethodHandleAccessor.invoke(DirectMethodHandleAccessor.java:103) ~[na:na]
	... 20 common frames omitted

2024-12-15T16:17:17.651+08:00 ERROR 4740 --- [springboot-chat] [http-nio-8089-exec-7] o.a.c.c.C.[.[.[/].[dispatcherServlet]    : Servlet.service() for servlet [dispatcherServlet] in context with path [] threw exception

io.jsonwebtoken.security.SignatureException: JWT signature does not match locally computed signature. JWT validity cannot be asserted and should not be trusted.
	at io.jsonwebtoken.impl.DefaultJwtParser.parse(DefaultJwtParser.java:399) ~[jjwt-impl-0.11.5.jar:0.11.5]
	at io.jsonwebtoken.impl.DefaultJwtParser.parse(DefaultJwtParser.java:529) ~[jjwt-impl-0.11.5.jar:0.11.5]
	at io.jsonwebtoken.impl.DefaultJwtParser.parseClaimsJws(DefaultJwtParser.java:589) ~[jjwt-impl-0.11.5.jar:0.11.5]
	at io.jsonwebtoken.impl.ImmutableJwtParser.parseClaimsJws(ImmutableJwtParser.java:173) ~[jjwt-impl-0.11.5.jar:0.11.5]
	at chat.util.JwtUtil.parseToken(JwtUtil.java:33) ~[classes/:na]
	at chat.util.JwtUtil.getUsernameFromToken(JwtUtil.java:39) ~[classes/:na]
	at chat.config.JwtAuthenticationFilter.doFilterInternal(JwtAuthenticationFilter.java:25) ~[classes/:na]
	at org.springframework.web.filter.OncePerRequestFilter.doFilter(OncePerRequestFilter.java:116) ~[spring-web-6.1.14.jar:6.1.14]
	at org.springframework.security.web.FilterChainProxy$VirtualFilterChain.doFilter(FilterChainProxy.java:374) ~[spring-security-web-6.3.4.jar:6.3.4]
	at org.springframework.security.web.authentication.logout.LogoutFilter.doFilter(LogoutFilter.java:107) ~[spring-security-web-6.3.4.jar:6.3.4]
	at org.springframework.security.web.authentication.logout.LogoutFilter.doFilter(LogoutFilter.java:93) ~[spring-security-web-6.3.4.jar:6.3.4]
	at org.springframework.security.web.FilterChainProxy$VirtualFilterChain.doFilter(FilterChainProxy.java:374) ~[spring-security-web-6.3.4.jar:6.3.4]
	at org.springframework.web.filter.CorsFilter.doFilterInternal(CorsFilter.java:91) ~[spring-web-6.1.14.jar:6.1.14]
	at org.springframework.web.filter.OncePerRequestFilter.doFilter(OncePerRequestFilter.java:116) ~[spring-web-6.1.14.jar:6.1.14]
	at org.springframework.security.web.FilterChainProxy$VirtualFilterChain.doFilter(FilterChainProxy.java:374) ~[spring-security-web-6.3.4.jar:6.3.4]
	at org.springframework.security.web.header.HeaderWriterFilter.doHeadersAfter(HeaderWriterFilter.java:90) ~[spring-security-web-6.3.4.jar:6.3.4]
	at org.springframework.security.web.header.HeaderWriterFilter.doFilterInternal(HeaderWriterFilter.java:75) ~[spring-security-web-6.3.4.jar:6.3.4]
	at org.springframework.web.filter.OncePerRequestFilter.doFilter(OncePerRequestFilter.java:116) ~[spring-web-6.1.14.jar:6.1.14]
	at org.springframework.security.web.FilterChainProxy$VirtualFilterChain.doFilter(FilterChainProxy.java:374) ~[spring-security-web-6.3.4.jar:6.3.4]
	at org.springframework.security.web.context.SecurityContextHolderFilter.doFilter(SecurityContextHolderFilter.java:82) ~[spring-security-web-6.3.4.jar:6.3.4]
	at org.springframework.security.web.context.SecurityContextHolderFilter.doFilter(SecurityContextHolderFilter.java:69) ~[spring-security-web-6.3.4.jar:6.3.4]
	at org.springframework.security.web.FilterChainProxy$VirtualFilterChain.doFilter(FilterChainProxy.java:374) ~[spring-security-web-6.3.4.jar:6.3.4]
	at org.springframework.security.web.context.request.async.WebAsyncManagerIntegrationFilter.doFilterInternal(WebAsyncManagerIntegrationFilter.java:62) ~[spring-security-web-6.3.4.jar:6.3.4]
	at org.springframework.web.filter.OncePerRequestFilter.doFilter(OncePerRequestFilter.java:116) ~[spring-web-6.1.14.jar:6.1.14]
	at org.springframework.security.web.FilterChainProxy$VirtualFilterChain.doFilter(FilterChainProxy.java:374) ~[spring-security-web-6.3.4.jar:6.3.4]
	at org.springframework.security.web.session.DisableEncodeUrlFilter.doFilterInternal(DisableEncodeUrlFilter.java:42) ~[spring-security-web-6.3.4.jar:6.3.4]
	at org.springframework.web.filter.OncePerRequestFilter.doFilter(OncePerRequestFilter.java:116) ~[spring-web-6.1.14.jar:6.1.14]
	at org.springframework.security.web.FilterChainProxy$VirtualFilterChain.doFilter(FilterChainProxy.java:374) ~[spring-security-web-6.3.4.jar:6.3.4]
	at org.springframework.security.web.FilterChainProxy.doFilterInternal(FilterChainProxy.java:233) ~[spring-security-web-6.3.4.jar:6.3.4]
	at org.springframework.security.web.FilterChainProxy.doFilter(FilterChainProxy.java:191) ~[spring-security-web-6.3.4.jar:6.3.4]
	at org.springframework.web.filter.CompositeFilter$VirtualFilterChain.doFilter(CompositeFilter.java:113) ~[spring-web-6.1.14.jar:6.1.14]
	at org.springframework.web.servlet.handler.HandlerMappingIntrospector.lambda$createCacheFilter$3(HandlerMappingIntrospector.java:195) ~[spring-webmvc-6.1.14.jar:6.1.14]
	at org.springframework.web.filter.CompositeFilter$VirtualFilterChain.doFilter(CompositeFilter.java:113) ~[spring-web-6.1.14.jar:6.1.14]
	at org.springframework.web.filter.CompositeFilter.doFilter(CompositeFilter.java:74) ~[spring-web-6.1.14.jar:6.1.14]
	at org.springframework.security.config.annotation.web.configuration.WebMvcSecurityConfiguration$CompositeFilterChainProxy.doFilter(WebMvcSecurityConfiguration.java:230) ~[spring-security-config-6.3.4.jar:6.3.4]
	at org.springframework.web.filter.DelegatingFilterProxy.invokeDelegate(DelegatingFilterProxy.java:362) ~[spring-web-6.1.14.jar:6.1.14]
	at org.springframework.web.filter.DelegatingFilterProxy.doFilter(DelegatingFilterProxy.java:278) ~[spring-web-6.1.14.jar:6.1.14]
	at org.apache.catalina.core.ApplicationFilterChain.internalDoFilter(ApplicationFilterChain.java:164) ~[tomcat-embed-core-10.1.31.jar:10.1.31]
	at org.apache.catalina.core.ApplicationFilterChain.doFilter(ApplicationFilterChain.java:140) ~[tomcat-embed-core-10.1.31.jar:10.1.31]
	at org.springframework.web.filter.RequestContextFilter.doFilterInternal(RequestContextFilter.java:100) ~[spring-web-6.1.14.jar:6.1.14]
	at org.springframework.web.filter.OncePerRequestFilter.doFilter(OncePerRequestFilter.java:116) ~[spring-web-6.1.14.jar:6.1.14]
	at org.apache.catalina.core.ApplicationFilterChain.internalDoFilter(ApplicationFilterChain.java:164) ~[tomcat-embed-core-10.1.31.jar:10.1.31]
	at org.apache.catalina.core.ApplicationFilterChain.doFilter(ApplicationFilterChain.java:140) ~[tomcat-embed-core-10.1.31.jar:10.1.31]
	at org.springframework.web.filter.FormContentFilter.doFilterInternal(FormContentFilter.java:93) ~[spring-web-6.1.14.jar:6.1.14]
	at org.springframework.web.filter.OncePerRequestFilter.doFilter(OncePerRequestFilter.java:116) ~[spring-web-6.1.14.jar:6.1.14]
	at org.apache.catalina.core.ApplicationFilterChain.internalDoFilter(ApplicationFilterChain.java:164) ~[tomcat-embed-core-10.1.31.jar:10.1.31]
	at org.apache.catalina.core.ApplicationFilterChain.doFilter(ApplicationFilterChain.java:140) ~[tomcat-embed-core-10.1.31.jar:10.1.31]
	at org.springframework.web.filter.CharacterEncodingFilter.doFilterInternal(CharacterEncodingFilter.java:201) ~[spring-web-6.1.14.jar:6.1.14]
	at org.springframework.web.filter.OncePerRequestFilter.doFilter(OncePerRequestFilter.java:116) ~[spring-web-6.1.14.jar:6.1.14]
	at org.apache.catalina.core.ApplicationFilterChain.internalDoFilter(ApplicationFilterChain.java:164) ~[tomcat-embed-core-10.1.31.jar:10.1.31]
	at org.apache.catalina.core.ApplicationFilterChain.doFilter(ApplicationFilterChain.java:140) ~[tomcat-embed-core-10.1.31.jar:10.1.31]
	at org.apache.catalina.core.StandardWrapperValve.invoke(StandardWrapperValve.java:167) ~[tomcat-embed-core-10.1.31.jar:10.1.31]
	at org.apache.catalina.core.StandardContextValve.invoke(StandardContextValve.java:90) ~[tomcat-embed-core-10.1.31.jar:10.1.31]
	at org.apache.catalina.authenticator.AuthenticatorBase.invoke(AuthenticatorBase.java:483) ~[tomcat-embed-core-10.1.31.jar:10.1.31]
	at org.apache.catalina.core.StandardHostValve.invoke(StandardHostValve.java:115) ~[tomcat-embed-core-10.1.31.jar:10.1.31]
	at org.apache.catalina.valves.ErrorReportValve.invoke(ErrorReportValve.java:93) ~[tomcat-embed-core-10.1.31.jar:10.1.31]
	at org.apache.catalina.core.StandardEngineValve.invoke(StandardEngineValve.java:74) ~[tomcat-embed-core-10.1.31.jar:10.1.31]
	at org.apache.catalina.connector.CoyoteAdapter.service(CoyoteAdapter.java:344) ~[tomcat-embed-core-10.1.31.jar:10.1.31]
	at org.apache.coyote.http11.Http11Processor.service(Http11Processor.java:384) ~[tomcat-embed-core-10.1.31.jar:10.1.31]
	at org.apache.coyote.AbstractProcessorLight.process(AbstractProcessorLight.java:63) ~[tomcat-embed-core-10.1.31.jar:10.1.31]
	at org.apache.coyote.AbstractProtocol$ConnectionHandler.process(AbstractProtocol.java:905) ~[tomcat-embed-core-10.1.31.jar:10.1.31]
	at org.apache.tomcat.util.net.NioEndpoint$SocketProcessor.doRun(NioEndpoint.java:1741) ~[tomcat-embed-core-10.1.31.jar:10.1.31]
	at org.apache.tomcat.util.net.SocketProcessorBase.run(SocketProcessorBase.java:52) ~[tomcat-embed-core-10.1.31.jar:10.1.31]
	at org.apache.tomcat.util.threads.ThreadPoolExecutor.runWorker(ThreadPoolExecutor.java:1190) ~[tomcat-embed-core-10.1.31.jar:10.1.31]
	at org.apache.tomcat.util.threads.ThreadPoolExecutor$Worker.run(ThreadPoolExecutor.java:659) ~[tomcat-embed-core-10.1.31.jar:10.1.31]
	at org.apache.tomcat.util.threads.TaskThread$WrappingRunnable.run(TaskThread.java:63) ~[tomcat-embed-core-10.1.31.jar:10.1.31]
	at java.base/java.lang.Thread.run(Thread.java:1583) ~[na:na]

2024-12-15T16:21:18.781+08:00  INFO 4740 --- [springboot-chat] [RMI TCP Connection(12)-127.0.0.1] inMXBeanRegistrar$SpringApplicationAdmin : Application shutdown requested.
2024-12-15T16:21:18.787+08:00  INFO 4740 --- [springboot-chat] [org.springframework.amqp.rabbit.RabbitListenerEndpointContainer#0-2] o.s.a.r.l.SimpleMessageListenerContainer : Waiting for workers to finish.
2024-12-15T16:21:18.789+08:00  INFO 4740 --- [springboot-chat] [org.springframework.amqp.rabbit.RabbitListenerEndpointContainer#1-2] o.s.a.r.l.SimpleMessageListenerContainer : Waiting for workers to finish.
2024-12-15T16:21:18.790+08:00  INFO 4740 --- [springboot-chat] [org.springframework.amqp.rabbit.RabbitListenerEndpointContainer#2-2] o.s.a.r.l.SimpleMessageListenerContainer : Waiting for workers to finish.
2024-12-15T16:21:18.912+08:00  INFO 4740 --- [springboot-chat] [org.springframework.amqp.rabbit.RabbitListenerEndpointContainer#0-2] o.s.a.r.l.SimpleMessageListenerContainer : Successfully waited for workers to finish.
2024-12-15T16:21:18.912+08:00  INFO 4740 --- [springboot-chat] [org.springframework.amqp.rabbit.RabbitListenerEndpointContainer#1-2] o.s.a.r.l.SimpleMessageListenerContainer : Successfully waited for workers to finish.
2024-12-15T16:21:18.912+08:00  INFO 4740 --- [springboot-chat] [org.springframework.amqp.rabbit.RabbitListenerEndpointContainer#2-2] o.s.a.r.l.SimpleMessageListenerContainer : Successfully waited for workers to finish.
2024-12-15T16:21:18.929+08:00  INFO 4740 --- [springboot-chat] [RMI TCP Connection(12)-127.0.0.1] j.LocalContainerEntityManagerFactoryBean : Closing JPA EntityManagerFactory for persistence unit 'default'
2024-12-15T16:21:18.932+08:00  INFO 4740 --- [springboot-chat] [RMI TCP Connection(12)-127.0.0.1] com.zaxxer.hikari.HikariDataSource       : HikariPool-1 - Shutdown initiated...
2024-12-15T16:21:18.938+08:00  INFO 4740 --- [springboot-chat] [RMI TCP Connection(12)-127.0.0.1] com.zaxxer.hikari.HikariDataSource       : HikariPool-1 - Shutdown completed.
2024-12-15T16:21:20.487+08:00  INFO 5132 --- [springboot-chat] [main] chat.SpringbootChatApplication           : Starting SpringbootChatApplication using Java 21.0.5 with PID 5132 (C:\Users\88693\Desktop\our resource\java\workspace\Convlo\Convlo\Convlo-Backend\target\classes started by 88693 in C:\Users\88693\Desktop\our resource\java\workspace\Convlo\Convlo\Convlo-Backend)
2024-12-15T16:21:20.488+08:00  INFO 5132 --- [springboot-chat] [main] chat.SpringbootChatApplication           : No active profile set, falling back to 1 default profile: "default"
2024-12-15T16:21:20.952+08:00  INFO 5132 --- [springboot-chat] [main] .s.d.r.c.RepositoryConfigurationDelegate : Bootstrapping Spring Data JPA repositories in DEFAULT mode.
2024-12-15T16:21:20.999+08:00  INFO 5132 --- [springboot-chat] [main] .s.d.r.c.RepositoryConfigurationDelegate : Finished Spring Data repository scanning in 43 ms. Found 3 JPA repository interfaces.
2024-12-15T16:21:21.361+08:00  INFO 5132 --- [springboot-chat] [main] o.s.b.w.embedded.tomcat.TomcatWebServer  : Tomcat initialized with port 8089 (http)
2024-12-15T16:21:21.374+08:00  INFO 5132 --- [springboot-chat] [main] o.apache.catalina.core.StandardService   : Starting service [Tomcat]
2024-12-15T16:21:21.374+08:00  INFO 5132 --- [springboot-chat] [main] o.apache.catalina.core.StandardEngine    : Starting Servlet engine: [Apache Tomcat/10.1.31]
2024-12-15T16:21:21.419+08:00  INFO 5132 --- [springboot-chat] [main] o.a.c.c.C.[Tomcat].[localhost].[/]       : Initializing Spring embedded WebApplicationContext
2024-12-15T16:21:21.420+08:00  INFO 5132 --- [springboot-chat] [main] w.s.c.ServletWebServerApplicationContext : Root WebApplicationContext: initialization completed in 905 ms
2024-12-15T16:21:21.530+08:00  INFO 5132 --- [springboot-chat] [main] o.hibernate.jpa.internal.util.LogHelper  : HHH000204: Processing PersistenceUnitInfo [name: default]
2024-12-15T16:21:21.564+08:00  INFO 5132 --- [springboot-chat] [main] org.hibernate.Version                    : HHH000412: Hibernate ORM core version 6.5.3.Final
2024-12-15T16:21:21.585+08:00  INFO 5132 --- [springboot-chat] [main] o.h.c.internal.RegionFactoryInitiator    : HHH000026: Second-level cache disabled
2024-12-15T16:21:21.792+08:00  INFO 5132 --- [springboot-chat] [main] o.s.o.j.p.SpringPersistenceUnitInfo      : No LoadTimeWeaver setup: ignoring JPA class transformer
2024-12-15T16:21:21.812+08:00  INFO 5132 --- [springboot-chat] [main] com.zaxxer.hikari.HikariDataSource       : HikariPool-1 - Starting...
2024-12-15T16:21:21.922+08:00  INFO 5132 --- [springboot-chat] [main] com.zaxxer.hikari.pool.HikariPool        : HikariPool-1 - Added connection com.mysql.cj.jdbc.ConnectionImpl@2ec5cc14
2024-12-15T16:21:21.924+08:00  INFO 5132 --- [springboot-chat] [main] com.zaxxer.hikari.HikariDataSource       : HikariPool-1 - Start completed.
2024-12-15T16:21:22.602+08:00  INFO 5132 --- [springboot-chat] [main] o.h.e.t.j.p.i.JtaPlatformInitiator       : HHH000489: No JTA platform available (set 'hibernate.transaction.jta.platform' to enable JTA platform integration)
2024-12-15T16:21:22.659+08:00  INFO 5132 --- [springboot-chat] [main] j.LocalContainerEntityManagerFactoryBean : Initialized JPA EntityManagerFactory for persistence unit 'default'
2024-12-15T16:21:22.836+08:00  INFO 5132 --- [springboot-chat] [main] o.s.d.j.r.query.QueryEnhancerFactory     : Hibernate is in classpath; If applicable, HQL parser will be used.
2024-12-15T16:21:23.350+08:00  WARN 5132 --- [springboot-chat] [main] JpaBaseConfiguration$JpaWebConfiguration : spring.jpa.open-in-view is enabled by default. Therefore, database queries may be performed during view rendering. Explicitly configure spring.jpa.open-in-view to disable this warning
2024-12-15T16:21:23.371+08:00  INFO 5132 --- [springboot-chat] [main] r$InitializeUserDetailsManagerConfigurer : Global AuthenticationManager configured with UserDetailsService bean with name userDetailsService
2024-12-15T16:21:23.723+08:00  INFO 5132 --- [springboot-chat] [main] o.s.b.w.embedded.tomcat.TomcatWebServer  : Tomcat started on port 8089 (http) with context path '/'
2024-12-15T16:21:23.725+08:00  INFO 5132 --- [springboot-chat] [main] o.s.a.r.c.CachingConnectionFactory       : Attempting to connect to: [localhost:5672]
2024-12-15T16:21:23.758+08:00  INFO 5132 --- [springboot-chat] [main] o.s.a.r.c.CachingConnectionFactory       : Created new connection: rabbitConnectionFactory#2526ecb7:0/SimpleConnection@190a5f74 [delegate=amqp://guest@127.0.0.1:5672/, localPort=63492]
2024-12-15T16:21:23.813+08:00  INFO 5132 --- [springboot-chat] [main] chat.SpringbootChatApplication           : Started SpringbootChatApplication in 3.581 seconds (process running for 4.002)
2024-12-15T16:21:34.900+08:00  INFO 5132 --- [springboot-chat] [http-nio-8089-exec-1] o.a.c.c.C.[Tomcat].[localhost].[/]       : Initializing Spring DispatcherServlet 'dispatcherServlet'
2024-12-15T16:21:34.900+08:00  INFO 5132 --- [springboot-chat] [http-nio-8089-exec-1] o.s.web.servlet.DispatcherServlet        : Initializing Servlet 'dispatcherServlet'
2024-12-15T16:21:34.900+08:00  INFO 5132 --- [springboot-chat] [http-nio-8089-exec-1] o.s.web.servlet.DispatcherServlet        : Completed initialization in 0 ms
2024-12-15T16:23:50.314+08:00 ERROR 5132 --- [springboot-chat] [http-nio-8089-exec-9] o.a.t.websocket.pojo.PojoEndpointBase    : Failed to call onError method of POJO end point for POJO of type [chat.websocket.AuthWebSocketServer]

java.lang.reflect.InvocationTargetException: null
	at java.base/jdk.internal.reflect.DirectMethodHandleAccessor.invoke(DirectMethodHandleAccessor.java:115) ~[na:na]
	at java.base/java.lang.reflect.Method.invoke(Method.java:580) ~[na:na]
	at org.apache.tomcat.websocket.pojo.PojoEndpointBase.onError(PojoEndpointBase.java:126) ~[tomcat-embed-websocket-10.1.31.jar:10.1.31]
	at org.apache.tomcat.websocket.pojo.PojoEndpointBase.handleOnOpenOrCloseError(PojoEndpointBase.java:88) ~[tomcat-embed-websocket-10.1.31.jar:10.1.31]
	at org.apache.tomcat.websocket.pojo.PojoEndpointBase.doOnOpen(PojoEndpointBase.java:75) ~[tomcat-embed-websocket-10.1.31.jar:10.1.31]
	at org.apache.tomcat.websocket.pojo.PojoEndpointServer.onOpen(PojoEndpointServer.java:46) ~[tomcat-embed-websocket-10.1.31.jar:10.1.31]
	at org.apache.tomcat.websocket.server.WsHttpUpgradeHandler.init(WsHttpUpgradeHandler.java:131) ~[tomcat-embed-websocket-10.1.31.jar:10.1.31]
	at org.apache.coyote.AbstractProtocol$ConnectionHandler.process(AbstractProtocol.java:947) ~[tomcat-embed-core-10.1.31.jar:10.1.31]
	at org.apache.tomcat.util.net.NioEndpoint$SocketProcessor.doRun(NioEndpoint.java:1741) ~[tomcat-embed-core-10.1.31.jar:10.1.31]
	at org.apache.tomcat.util.net.SocketProcessorBase.run(SocketProcessorBase.java:52) ~[tomcat-embed-core-10.1.31.jar:10.1.31]
	at org.apache.tomcat.util.threads.ThreadPoolExecutor.runWorker(ThreadPoolExecutor.java:1190) ~[tomcat-embed-core-10.1.31.jar:10.1.31]
	at org.apache.tomcat.util.threads.ThreadPoolExecutor$Worker.run(ThreadPoolExecutor.java:659) ~[tomcat-embed-core-10.1.31.jar:10.1.31]
	at org.apache.tomcat.util.threads.TaskThread$WrappingRunnable.run(TaskThread.java:63) ~[tomcat-embed-core-10.1.31.jar:10.1.31]
	at java.base/java.lang.Thread.run(Thread.java:1583) ~[na:na]
Caused by: java.lang.NullPointerException: Cannot invoke "Object.hashCode()" because "key" is null
	at java.base/java.util.concurrent.ConcurrentHashMap.replaceNode(ConcurrentHashMap.java:1111) ~[na:na]
	at java.base/java.util.concurrent.ConcurrentHashMap.remove(ConcurrentHashMap.java:1102) ~[na:na]
	at chat.websocket.AuthWebSocketServer.onError(AuthWebSocketServer.java:81) ~[classes/:na]
	at java.base/jdk.internal.reflect.DirectMethodHandleAccessor.invoke(DirectMethodHandleAccessor.java:103) ~[na:na]
	... 13 common frames omitted

2024-12-15T16:23:50.318+08:00 ERROR 5132 --- [springboot-chat] [http-nio-8089-exec-9] o.a.t.websocket.pojo.PojoEndpointBase    : Failed to call onClose method of POJO end point for POJO of type [chat.websocket.AuthWebSocketServer]

java.lang.reflect.InvocationTargetException: null
	at java.base/jdk.internal.reflect.DirectMethodHandleAccessor.invoke(DirectMethodHandleAccessor.java:115) ~[na:na]
	at java.base/java.lang.reflect.Method.invoke(Method.java:580) ~[na:na]
	at org.apache.tomcat.websocket.pojo.PojoEndpointBase.onClose(PojoEndpointBase.java:101) ~[tomcat-embed-websocket-10.1.31.jar:10.1.31]
	at org.apache.tomcat.websocket.WsSession.fireEndpointOnClose(WsSession.java:733) ~[tomcat-embed-websocket-10.1.31.jar:10.1.31]
	at org.apache.tomcat.websocket.WsSession.doClose(WsSession.java:590) ~[tomcat-embed-websocket-10.1.31.jar:10.1.31]
	at org.apache.tomcat.websocket.WsSession.doClose(WsSession.java:556) ~[tomcat-embed-websocket-10.1.31.jar:10.1.31]
	at org.apache.tomcat.websocket.WsSession.close(WsSession.java:544) ~[tomcat-embed-websocket-10.1.31.jar:10.1.31]
	at org.apache.tomcat.websocket.WsSession.close(WsSession.java:538) ~[tomcat-embed-websocket-10.1.31.jar:10.1.31]
	at org.apache.tomcat.websocket.pojo.PojoEndpointBase.handleOnOpenOrCloseError(PojoEndpointBase.java:90) ~[tomcat-embed-websocket-10.1.31.jar:10.1.31]
	at org.apache.tomcat.websocket.pojo.PojoEndpointBase.doOnOpen(PojoEndpointBase.java:75) ~[tomcat-embed-websocket-10.1.31.jar:10.1.31]
	at org.apache.tomcat.websocket.pojo.PojoEndpointServer.onOpen(PojoEndpointServer.java:46) ~[tomcat-embed-websocket-10.1.31.jar:10.1.31]
	at org.apache.tomcat.websocket.server.WsHttpUpgradeHandler.init(WsHttpUpgradeHandler.java:131) ~[tomcat-embed-websocket-10.1.31.jar:10.1.31]
	at org.apache.coyote.AbstractProtocol$ConnectionHandler.process(AbstractProtocol.java:947) ~[tomcat-embed-core-10.1.31.jar:10.1.31]
	at org.apache.tomcat.util.net.NioEndpoint$SocketProcessor.doRun(NioEndpoint.java:1741) ~[tomcat-embed-core-10.1.31.jar:10.1.31]
	at org.apache.tomcat.util.net.SocketProcessorBase.run(SocketProcessorBase.java:52) ~[tomcat-embed-core-10.1.31.jar:10.1.31]
	at org.apache.tomcat.util.threads.ThreadPoolExecutor.runWorker(ThreadPoolExecutor.java:1190) ~[tomcat-embed-core-10.1.31.jar:10.1.31]
	at org.apache.tomcat.util.threads.ThreadPoolExecutor$Worker.run(ThreadPoolExecutor.java:659) ~[tomcat-embed-core-10.1.31.jar:10.1.31]
	at org.apache.tomcat.util.threads.TaskThread$WrappingRunnable.run(TaskThread.java:63) ~[tomcat-embed-core-10.1.31.jar:10.1.31]
	at java.base/java.lang.Thread.run(Thread.java:1583) ~[na:na]
Caused by: java.lang.NullPointerException: Cannot invoke "Object.hashCode()" because "key" is null
	at java.base/java.util.concurrent.ConcurrentHashMap.replaceNode(ConcurrentHashMap.java:1111) ~[na:na]
	at java.base/java.util.concurrent.ConcurrentHashMap.remove(ConcurrentHashMap.java:1102) ~[na:na]
	at chat.websocket.AuthWebSocketServer.onClose(AuthWebSocketServer.java:74) ~[classes/:na]
	at java.base/jdk.internal.reflect.DirectMethodHandleAccessor.invoke(DirectMethodHandleAccessor.java:103) ~[na:na]
	... 18 common frames omitted

2024-12-15T16:23:50.318+08:00 ERROR 5132 --- [springboot-chat] [http-nio-8089-exec-9] o.a.t.websocket.pojo.PojoEndpointBase    : Failed to call onError method of POJO end point for POJO of type [chat.websocket.AuthWebSocketServer]

java.lang.reflect.InvocationTargetException: null
	at java.base/jdk.internal.reflect.DirectMethodHandleAccessor.invoke(DirectMethodHandleAccessor.java:115) ~[na:na]
	at java.base/java.lang.reflect.Method.invoke(Method.java:580) ~[na:na]
	at org.apache.tomcat.websocket.pojo.PojoEndpointBase.onError(PojoEndpointBase.java:126) ~[tomcat-embed-websocket-10.1.31.jar:10.1.31]
	at org.apache.tomcat.websocket.pojo.PojoEndpointBase.handleOnOpenOrCloseError(PojoEndpointBase.java:88) ~[tomcat-embed-websocket-10.1.31.jar:10.1.31]
	at org.apache.tomcat.websocket.pojo.PojoEndpointBase.onClose(PojoEndpointBase.java:105) ~[tomcat-embed-websocket-10.1.31.jar:10.1.31]
	at org.apache.tomcat.websocket.WsSession.fireEndpointOnClose(WsSession.java:733) ~[tomcat-embed-websocket-10.1.31.jar:10.1.31]
	at org.apache.tomcat.websocket.WsSession.doClose(WsSession.java:590) ~[tomcat-embed-websocket-10.1.31.jar:10.1.31]
	at org.apache.tomcat.websocket.WsSession.doClose(WsSession.java:556) ~[tomcat-embed-websocket-10.1.31.jar:10.1.31]
	at org.apache.tomcat.websocket.WsSession.close(WsSession.java:544) ~[tomcat-embed-websocket-10.1.31.jar:10.1.31]
	at org.apache.tomcat.websocket.WsSession.close(WsSession.java:538) ~[tomcat-embed-websocket-10.1.31.jar:10.1.31]
	at org.apache.tomcat.websocket.pojo.PojoEndpointBase.handleOnOpenOrCloseError(PojoEndpointBase.java:90) ~[tomcat-embed-websocket-10.1.31.jar:10.1.31]
	at org.apache.tomcat.websocket.pojo.PojoEndpointBase.doOnOpen(PojoEndpointBase.java:75) ~[tomcat-embed-websocket-10.1.31.jar:10.1.31]
	at org.apache.tomcat.websocket.pojo.PojoEndpointServer.onOpen(PojoEndpointServer.java:46) ~[tomcat-embed-websocket-10.1.31.jar:10.1.31]
	at org.apache.tomcat.websocket.server.WsHttpUpgradeHandler.init(WsHttpUpgradeHandler.java:131) ~[tomcat-embed-websocket-10.1.31.jar:10.1.31]
	at org.apache.coyote.AbstractProtocol$ConnectionHandler.process(AbstractProtocol.java:947) ~[tomcat-embed-core-10.1.31.jar:10.1.31]
	at org.apache.tomcat.util.net.NioEndpoint$SocketProcessor.doRun(NioEndpoint.java:1741) ~[tomcat-embed-core-10.1.31.jar:10.1.31]
	at org.apache.tomcat.util.net.SocketProcessorBase.run(SocketProcessorBase.java:52) ~[tomcat-embed-core-10.1.31.jar:10.1.31]
	at org.apache.tomcat.util.threads.ThreadPoolExecutor.runWorker(ThreadPoolExecutor.java:1190) ~[tomcat-embed-core-10.1.31.jar:10.1.31]
	at org.apache.tomcat.util.threads.ThreadPoolExecutor$Worker.run(ThreadPoolExecutor.java:659) ~[tomcat-embed-core-10.1.31.jar:10.1.31]
	at org.apache.tomcat.util.threads.TaskThread$WrappingRunnable.run(TaskThread.java:63) ~[tomcat-embed-core-10.1.31.jar:10.1.31]
	at java.base/java.lang.Thread.run(Thread.java:1583) ~[na:na]
Caused by: java.lang.NullPointerException: Cannot invoke "Object.hashCode()" because "key" is null
	at java.base/java.util.concurrent.ConcurrentHashMap.replaceNode(ConcurrentHashMap.java:1111) ~[na:na]
	at java.base/java.util.concurrent.ConcurrentHashMap.remove(ConcurrentHashMap.java:1102) ~[na:na]
	at chat.websocket.AuthWebSocketServer.onError(AuthWebSocketServer.java:81) ~[classes/:na]
	at java.base/jdk.internal.reflect.DirectMethodHandleAccessor.invoke(DirectMethodHandleAccessor.java:103) ~[na:na]
	... 20 common frames omitted

2024-12-15T16:23:50.326+08:00 ERROR 5132 --- [springboot-chat] [http-nio-8089-exec-6] o.a.t.websocket.pojo.PojoEndpointBase    : Failed to call onError method of POJO end point for POJO of type [chat.websocket.AuthWebSocketServer]

java.lang.reflect.InvocationTargetException: null
	at java.base/jdk.internal.reflect.DirectMethodHandleAccessor.invoke(DirectMethodHandleAccessor.java:115) ~[na:na]
	at java.base/java.lang.reflect.Method.invoke(Method.java:580) ~[na:na]
	at org.apache.tomcat.websocket.pojo.PojoEndpointBase.onError(PojoEndpointBase.java:126) ~[tomcat-embed-websocket-10.1.31.jar:10.1.31]
	at org.apache.tomcat.websocket.pojo.PojoEndpointBase.handleOnOpenOrCloseError(PojoEndpointBase.java:88) ~[tomcat-embed-websocket-10.1.31.jar:10.1.31]
	at org.apache.tomcat.websocket.pojo.PojoEndpointBase.doOnOpen(PojoEndpointBase.java:75) ~[tomcat-embed-websocket-10.1.31.jar:10.1.31]
	at org.apache.tomcat.websocket.pojo.PojoEndpointServer.onOpen(PojoEndpointServer.java:46) ~[tomcat-embed-websocket-10.1.31.jar:10.1.31]
	at org.apache.tomcat.websocket.server.WsHttpUpgradeHandler.init(WsHttpUpgradeHandler.java:131) ~[tomcat-embed-websocket-10.1.31.jar:10.1.31]
	at org.apache.coyote.AbstractProtocol$ConnectionHandler.process(AbstractProtocol.java:947) ~[tomcat-embed-core-10.1.31.jar:10.1.31]
	at org.apache.tomcat.util.net.NioEndpoint$SocketProcessor.doRun(NioEndpoint.java:1741) ~[tomcat-embed-core-10.1.31.jar:10.1.31]
	at org.apache.tomcat.util.net.SocketProcessorBase.run(SocketProcessorBase.java:52) ~[tomcat-embed-core-10.1.31.jar:10.1.31]
	at org.apache.tomcat.util.threads.ThreadPoolExecutor.runWorker(ThreadPoolExecutor.java:1190) ~[tomcat-embed-core-10.1.31.jar:10.1.31]
	at org.apache.tomcat.util.threads.ThreadPoolExecutor$Worker.run(ThreadPoolExecutor.java:659) ~[tomcat-embed-core-10.1.31.jar:10.1.31]
	at org.apache.tomcat.util.threads.TaskThread$WrappingRunnable.run(TaskThread.java:63) ~[tomcat-embed-core-10.1.31.jar:10.1.31]
	at java.base/java.lang.Thread.run(Thread.java:1583) ~[na:na]
Caused by: java.lang.NullPointerException: Cannot invoke "Object.hashCode()" because "key" is null
	at java.base/java.util.concurrent.ConcurrentHashMap.replaceNode(ConcurrentHashMap.java:1111) ~[na:na]
	at java.base/java.util.concurrent.ConcurrentHashMap.remove(ConcurrentHashMap.java:1102) ~[na:na]
	at chat.websocket.AuthWebSocketServer.onError(AuthWebSocketServer.java:81) ~[classes/:na]
	at java.base/jdk.internal.reflect.DirectMethodHandleAccessor.invoke(DirectMethodHandleAccessor.java:103) ~[na:na]
	... 13 common frames omitted

2024-12-15T16:23:50.327+08:00 ERROR 5132 --- [springboot-chat] [http-nio-8089-exec-6] o.a.t.websocket.pojo.PojoEndpointBase    : Failed to call onClose method of POJO end point for POJO of type [chat.websocket.AuthWebSocketServer]

java.lang.reflect.InvocationTargetException: null
	at java.base/jdk.internal.reflect.DirectMethodHandleAccessor.invoke(DirectMethodHandleAccessor.java:115) ~[na:na]
	at java.base/java.lang.reflect.Method.invoke(Method.java:580) ~[na:na]
	at org.apache.tomcat.websocket.pojo.PojoEndpointBase.onClose(PojoEndpointBase.java:101) ~[tomcat-embed-websocket-10.1.31.jar:10.1.31]
	at org.apache.tomcat.websocket.WsSession.fireEndpointOnClose(WsSession.java:733) ~[tomcat-embed-websocket-10.1.31.jar:10.1.31]
	at org.apache.tomcat.websocket.WsSession.doClose(WsSession.java:590) ~[tomcat-embed-websocket-10.1.31.jar:10.1.31]
	at org.apache.tomcat.websocket.WsSession.doClose(WsSession.java:556) ~[tomcat-embed-websocket-10.1.31.jar:10.1.31]
	at org.apache.tomcat.websocket.WsSession.close(WsSession.java:544) ~[tomcat-embed-websocket-10.1.31.jar:10.1.31]
	at org.apache.tomcat.websocket.WsSession.close(WsSession.java:538) ~[tomcat-embed-websocket-10.1.31.jar:10.1.31]
	at org.apache.tomcat.websocket.pojo.PojoEndpointBase.handleOnOpenOrCloseError(PojoEndpointBase.java:90) ~[tomcat-embed-websocket-10.1.31.jar:10.1.31]
	at org.apache.tomcat.websocket.pojo.PojoEndpointBase.doOnOpen(PojoEndpointBase.java:75) ~[tomcat-embed-websocket-10.1.31.jar:10.1.31]
	at org.apache.tomcat.websocket.pojo.PojoEndpointServer.onOpen(PojoEndpointServer.java:46) ~[tomcat-embed-websocket-10.1.31.jar:10.1.31]
	at org.apache.tomcat.websocket.server.WsHttpUpgradeHandler.init(WsHttpUpgradeHandler.java:131) ~[tomcat-embed-websocket-10.1.31.jar:10.1.31]
	at org.apache.coyote.AbstractProtocol$ConnectionHandler.process(AbstractProtocol.java:947) ~[tomcat-embed-core-10.1.31.jar:10.1.31]
	at org.apache.tomcat.util.net.NioEndpoint$SocketProcessor.doRun(NioEndpoint.java:1741) ~[tomcat-embed-core-10.1.31.jar:10.1.31]
	at org.apache.tomcat.util.net.SocketProcessorBase.run(SocketProcessorBase.java:52) ~[tomcat-embed-core-10.1.31.jar:10.1.31]
	at org.apache.tomcat.util.threads.ThreadPoolExecutor.runWorker(ThreadPoolExecutor.java:1190) ~[tomcat-embed-core-10.1.31.jar:10.1.31]
	at org.apache.tomcat.util.threads.ThreadPoolExecutor$Worker.run(ThreadPoolExecutor.java:659) ~[tomcat-embed-core-10.1.31.jar:10.1.31]
	at org.apache.tomcat.util.threads.TaskThread$WrappingRunnable.run(TaskThread.java:63) ~[tomcat-embed-core-10.1.31.jar:10.1.31]
	at java.base/java.lang.Thread.run(Thread.java:1583) ~[na:na]
Caused by: java.lang.NullPointerException: Cannot invoke "Object.hashCode()" because "key" is null
	at java.base/java.util.concurrent.ConcurrentHashMap.replaceNode(ConcurrentHashMap.java:1111) ~[na:na]
	at java.base/java.util.concurrent.ConcurrentHashMap.remove(ConcurrentHashMap.java:1102) ~[na:na]
	at chat.websocket.AuthWebSocketServer.onClose(AuthWebSocketServer.java:74) ~[classes/:na]
	at java.base/jdk.internal.reflect.DirectMethodHandleAccessor.invoke(DirectMethodHandleAccessor.java:103) ~[na:na]
	... 18 common frames omitted

2024-12-15T16:23:50.327+08:00 ERROR 5132 --- [springboot-chat] [http-nio-8089-exec-6] o.a.t.websocket.pojo.PojoEndpointBase    : Failed to call onError method of POJO end point for POJO of type [chat.websocket.AuthWebSocketServer]

java.lang.reflect.InvocationTargetException: null
	at java.base/jdk.internal.reflect.DirectMethodHandleAccessor.invoke(DirectMethodHandleAccessor.java:115) ~[na:na]
	at java.base/java.lang.reflect.Method.invoke(Method.java:580) ~[na:na]
	at org.apache.tomcat.websocket.pojo.PojoEndpointBase.onError(PojoEndpointBase.java:126) ~[tomcat-embed-websocket-10.1.31.jar:10.1.31]
	at org.apache.tomcat.websocket.pojo.PojoEndpointBase.handleOnOpenOrCloseError(PojoEndpointBase.java:88) ~[tomcat-embed-websocket-10.1.31.jar:10.1.31]
	at org.apache.tomcat.websocket.pojo.PojoEndpointBase.onClose(PojoEndpointBase.java:105) ~[tomcat-embed-websocket-10.1.31.jar:10.1.31]
	at org.apache.tomcat.websocket.WsSession.fireEndpointOnClose(WsSession.java:733) ~[tomcat-embed-websocket-10.1.31.jar:10.1.31]
	at org.apache.tomcat.websocket.WsSession.doClose(WsSession.java:590) ~[tomcat-embed-websocket-10.1.31.jar:10.1.31]
	at org.apache.tomcat.websocket.WsSession.doClose(WsSession.java:556) ~[tomcat-embed-websocket-10.1.31.jar:10.1.31]
	at org.apache.tomcat.websocket.WsSession.close(WsSession.java:544) ~[tomcat-embed-websocket-10.1.31.jar:10.1.31]
	at org.apache.tomcat.websocket.WsSession.close(WsSession.java:538) ~[tomcat-embed-websocket-10.1.31.jar:10.1.31]
	at org.apache.tomcat.websocket.pojo.PojoEndpointBase.handleOnOpenOrCloseError(PojoEndpointBase.java:90) ~[tomcat-embed-websocket-10.1.31.jar:10.1.31]
	at org.apache.tomcat.websocket.pojo.PojoEndpointBase.doOnOpen(PojoEndpointBase.java:75) ~[tomcat-embed-websocket-10.1.31.jar:10.1.31]
	at org.apache.tomcat.websocket.pojo.PojoEndpointServer.onOpen(PojoEndpointServer.java:46) ~[tomcat-embed-websocket-10.1.31.jar:10.1.31]
	at org.apache.tomcat.websocket.server.WsHttpUpgradeHandler.init(WsHttpUpgradeHandler.java:131) ~[tomcat-embed-websocket-10.1.31.jar:10.1.31]
	at org.apache.coyote.AbstractProtocol$ConnectionHandler.process(AbstractProtocol.java:947) ~[tomcat-embed-core-10.1.31.jar:10.1.31]
	at org.apache.tomcat.util.net.NioEndpoint$SocketProcessor.doRun(NioEndpoint.java:1741) ~[tomcat-embed-core-10.1.31.jar:10.1.31]
	at org.apache.tomcat.util.net.SocketProcessorBase.run(SocketProcessorBase.java:52) ~[tomcat-embed-core-10.1.31.jar:10.1.31]
	at org.apache.tomcat.util.threads.ThreadPoolExecutor.runWorker(ThreadPoolExecutor.java:1190) ~[tomcat-embed-core-10.1.31.jar:10.1.31]
	at org.apache.tomcat.util.threads.ThreadPoolExecutor$Worker.run(ThreadPoolExecutor.java:659) ~[tomcat-embed-core-10.1.31.jar:10.1.31]
	at org.apache.tomcat.util.threads.TaskThread$WrappingRunnable.run(TaskThread.java:63) ~[tomcat-embed-core-10.1.31.jar:10.1.31]
	at java.base/java.lang.Thread.run(Thread.java:1583) ~[na:na]
Caused by: java.lang.NullPointerException: Cannot invoke "Object.hashCode()" because "key" is null
	at java.base/java.util.concurrent.ConcurrentHashMap.replaceNode(ConcurrentHashMap.java:1111) ~[na:na]
	at java.base/java.util.concurrent.ConcurrentHashMap.remove(ConcurrentHashMap.java:1102) ~[na:na]
	at chat.websocket.AuthWebSocketServer.onError(AuthWebSocketServer.java:81) ~[classes/:na]
	at java.base/jdk.internal.reflect.DirectMethodHandleAccessor.invoke(DirectMethodHandleAccessor.java:103) ~[na:na]
	... 20 common frames omitted

2024-12-15T16:24:39.397+08:00  INFO 5132 --- [springboot-chat] [RMI TCP Connection(13)-127.0.0.1] inMXBeanRegistrar$SpringApplicationAdmin : Application shutdown requested.
2024-12-15T16:24:39.403+08:00  INFO 5132 --- [springboot-chat] [org.springframework.amqp.rabbit.RabbitListenerEndpointContainer#0-2] o.s.a.r.l.SimpleMessageListenerContainer : Waiting for workers to finish.
2024-12-15T16:24:39.404+08:00  INFO 5132 --- [springboot-chat] [org.springframework.amqp.rabbit.RabbitListenerEndpointContainer#1-2] o.s.a.r.l.SimpleMessageListenerContainer : Waiting for workers to finish.
2024-12-15T16:24:39.405+08:00  INFO 5132 --- [springboot-chat] [org.springframework.amqp.rabbit.RabbitListenerEndpointContainer#2-2] o.s.a.r.l.SimpleMessageListenerContainer : Waiting for workers to finish.
2024-12-15T16:24:39.614+08:00  INFO 5132 --- [springboot-chat] [org.springframework.amqp.rabbit.RabbitListenerEndpointContainer#2-2] o.s.a.r.l.SimpleMessageListenerContainer : Successfully waited for workers to finish.
2024-12-15T16:24:39.614+08:00  INFO 5132 --- [springboot-chat] [org.springframework.amqp.rabbit.RabbitListenerEndpointContainer#1-2] o.s.a.r.l.SimpleMessageListenerContainer : Successfully waited for workers to finish.
2024-12-15T16:24:39.614+08:00  INFO 5132 --- [springboot-chat] [org.springframework.amqp.rabbit.RabbitListenerEndpointContainer#0-2] o.s.a.r.l.SimpleMessageListenerContainer : Successfully waited for workers to finish.
2024-12-15T16:24:39.632+08:00  INFO 5132 --- [springboot-chat] [RMI TCP Connection(13)-127.0.0.1] j.LocalContainerEntityManagerFactoryBean : Closing JPA EntityManagerFactory for persistence unit 'default'
2024-12-15T16:24:39.633+08:00  INFO 5132 --- [springboot-chat] [RMI TCP Connection(13)-127.0.0.1] com.zaxxer.hikari.HikariDataSource       : HikariPool-1 - Shutdown initiated...
2024-12-15T16:24:39.638+08:00  INFO 5132 --- [springboot-chat] [RMI TCP Connection(13)-127.0.0.1] com.zaxxer.hikari.HikariDataSource       : HikariPool-1 - Shutdown completed.
2024-12-15T16:24:41.196+08:00  INFO 13828 --- [springboot-chat] [main] chat.SpringbootChatApplication           : Starting SpringbootChatApplication using Java 21.0.5 with PID 13828 (C:\Users\88693\Desktop\our resource\java\workspace\Convlo\Convlo\Convlo-Backend\target\classes started by 88693 in C:\Users\88693\Desktop\our resource\java\workspace\Convlo\Convlo\Convlo-Backend)
2024-12-15T16:24:41.197+08:00  INFO 13828 --- [springboot-chat] [main] chat.SpringbootChatApplication           : No active profile set, falling back to 1 default profile: "default"
2024-12-15T16:24:41.661+08:00  INFO 13828 --- [springboot-chat] [main] .s.d.r.c.RepositoryConfigurationDelegate : Bootstrapping Spring Data JPA repositories in DEFAULT mode.
2024-12-15T16:24:41.709+08:00  INFO 13828 --- [springboot-chat] [main] .s.d.r.c.RepositoryConfigurationDelegate : Finished Spring Data repository scanning in 43 ms. Found 3 JPA repository interfaces.
2024-12-15T16:24:42.057+08:00  INFO 13828 --- [springboot-chat] [main] o.s.b.w.embedded.tomcat.TomcatWebServer  : Tomcat initialized with port 8089 (http)
2024-12-15T16:24:42.069+08:00  INFO 13828 --- [springboot-chat] [main] o.apache.catalina.core.StandardService   : Starting service [Tomcat]
2024-12-15T16:24:42.069+08:00  INFO 13828 --- [springboot-chat] [main] o.apache.catalina.core.StandardEngine    : Starting Servlet engine: [Apache Tomcat/10.1.31]
2024-12-15T16:24:42.115+08:00  INFO 13828 --- [springboot-chat] [main] o.a.c.c.C.[Tomcat].[localhost].[/]       : Initializing Spring embedded WebApplicationContext
2024-12-15T16:24:42.115+08:00  INFO 13828 --- [springboot-chat] [main] w.s.c.ServletWebServerApplicationContext : Root WebApplicationContext: initialization completed in 889 ms
2024-12-15T16:24:42.223+08:00  INFO 13828 --- [springboot-chat] [main] o.hibernate.jpa.internal.util.LogHelper  : HHH000204: Processing PersistenceUnitInfo [name: default]
2024-12-15T16:24:42.257+08:00  INFO 13828 --- [springboot-chat] [main] org.hibernate.Version                    : HHH000412: Hibernate ORM core version 6.5.3.Final
2024-12-15T16:24:42.287+08:00  INFO 13828 --- [springboot-chat] [main] o.h.c.internal.RegionFactoryInitiator    : HHH000026: Second-level cache disabled
2024-12-15T16:24:42.506+08:00  INFO 13828 --- [springboot-chat] [main] o.s.o.j.p.SpringPersistenceUnitInfo      : No LoadTimeWeaver setup: ignoring JPA class transformer
2024-12-15T16:24:42.529+08:00  INFO 13828 --- [springboot-chat] [main] com.zaxxer.hikari.HikariDataSource       : HikariPool-1 - Starting...
2024-12-15T16:24:42.640+08:00  INFO 13828 --- [springboot-chat] [main] com.zaxxer.hikari.pool.HikariPool        : HikariPool-1 - Added connection com.mysql.cj.jdbc.ConnectionImpl@23321be7
2024-12-15T16:24:42.642+08:00  INFO 13828 --- [springboot-chat] [main] com.zaxxer.hikari.HikariDataSource       : HikariPool-1 - Start completed.
2024-12-15T16:24:43.342+08:00  INFO 13828 --- [springboot-chat] [main] o.h.e.t.j.p.i.JtaPlatformInitiator       : HHH000489: No JTA platform available (set 'hibernate.transaction.jta.platform' to enable JTA platform integration)
2024-12-15T16:24:43.399+08:00  INFO 13828 --- [springboot-chat] [main] j.LocalContainerEntityManagerFactoryBean : Initialized JPA EntityManagerFactory for persistence unit 'default'
2024-12-15T16:24:43.573+08:00  INFO 13828 --- [springboot-chat] [main] o.s.d.j.r.query.QueryEnhancerFactory     : Hibernate is in classpath; If applicable, HQL parser will be used.
2024-12-15T16:24:44.099+08:00  WARN 13828 --- [springboot-chat] [main] JpaBaseConfiguration$JpaWebConfiguration : spring.jpa.open-in-view is enabled by default. Therefore, database queries may be performed during view rendering. Explicitly configure spring.jpa.open-in-view to disable this warning
2024-12-15T16:24:44.121+08:00  INFO 13828 --- [springboot-chat] [main] r$InitializeUserDetailsManagerConfigurer : Global AuthenticationManager configured with UserDetailsService bean with name userDetailsService
2024-12-15T16:24:44.485+08:00  INFO 13828 --- [springboot-chat] [main] o.s.b.w.embedded.tomcat.TomcatWebServer  : Tomcat started on port 8089 (http) with context path '/'
2024-12-15T16:24:44.489+08:00  INFO 13828 --- [springboot-chat] [main] o.s.a.r.c.CachingConnectionFactory       : Attempting to connect to: [localhost:5672]
2024-12-15T16:24:44.523+08:00  INFO 13828 --- [springboot-chat] [main] o.s.a.r.c.CachingConnectionFactory       : Created new connection: rabbitConnectionFactory#53e6b541:0/SimpleConnection@6415112c [delegate=amqp://guest@127.0.0.1:5672/, localPort=63805]
2024-12-15T16:24:44.576+08:00  INFO 13828 --- [springboot-chat] [main] chat.SpringbootChatApplication           : Started SpringbootChatApplication in 3.632 seconds (process running for 4.068)
2024-12-15T16:24:45.111+08:00  INFO 13828 --- [springboot-chat] [http-nio-8089-exec-1] o.a.c.c.C.[Tomcat].[localhost].[/]       : Initializing Spring DispatcherServlet 'dispatcherServlet'
2024-12-15T16:24:45.111+08:00  INFO 13828 --- [springboot-chat] [http-nio-8089-exec-1] o.s.web.servlet.DispatcherServlet        : Initializing Servlet 'dispatcherServlet'
2024-12-15T16:24:45.112+08:00  INFO 13828 --- [springboot-chat] [http-nio-8089-exec-1] o.s.web.servlet.DispatcherServlet        : Completed initialization in 1 ms
2024-12-15T16:27:32.368+08:00  INFO 13828 --- [springboot-chat] [RMI TCP Connection(12)-127.0.0.1] inMXBeanRegistrar$SpringApplicationAdmin : Application shutdown requested.
2024-12-15T16:27:32.374+08:00  INFO 13828 --- [springboot-chat] [org.springframework.amqp.rabbit.RabbitListenerEndpointContainer#0-2] o.s.a.r.l.SimpleMessageListenerContainer : Waiting for workers to finish.
2024-12-15T16:27:32.375+08:00  INFO 13828 --- [springboot-chat] [org.springframework.amqp.rabbit.RabbitListenerEndpointContainer#1-2] o.s.a.r.l.SimpleMessageListenerContainer : Waiting for workers to finish.
2024-12-15T16:27:32.376+08:00  INFO 13828 --- [springboot-chat] [org.springframework.amqp.rabbit.RabbitListenerEndpointContainer#2-2] o.s.a.r.l.SimpleMessageListenerContainer : Waiting for workers to finish.
2024-12-15T16:27:32.660+08:00  INFO 13828 --- [springboot-chat] [org.springframework.amqp.rabbit.RabbitListenerEndpointContainer#0-2] o.s.a.r.l.SimpleMessageListenerContainer : Successfully waited for workers to finish.
2024-12-15T16:27:32.660+08:00  INFO 13828 --- [springboot-chat] [org.springframework.amqp.rabbit.RabbitListenerEndpointContainer#1-2] o.s.a.r.l.SimpleMessageListenerContainer : Successfully waited for workers to finish.
2024-12-15T16:27:32.662+08:00  INFO 13828 --- [springboot-chat] [org.springframework.amqp.rabbit.RabbitListenerEndpointContainer#2-2] o.s.a.r.l.SimpleMessageListenerContainer : Successfully waited for workers to finish.
2024-12-15T16:27:32.675+08:00  INFO 13828 --- [springboot-chat] [RMI TCP Connection(12)-127.0.0.1] j.LocalContainerEntityManagerFactoryBean : Closing JPA EntityManagerFactory for persistence unit 'default'
2024-12-15T16:27:32.676+08:00  INFO 13828 --- [springboot-chat] [RMI TCP Connection(12)-127.0.0.1] com.zaxxer.hikari.HikariDataSource       : HikariPool-1 - Shutdown initiated...
2024-12-15T16:27:32.681+08:00  INFO 13828 --- [springboot-chat] [RMI TCP Connection(12)-127.0.0.1] com.zaxxer.hikari.HikariDataSource       : HikariPool-1 - Shutdown completed.
2024-12-15T16:27:34.437+08:00  INFO 15216 --- [springboot-chat] [main] chat.SpringbootChatApplication           : Starting SpringbootChatApplication using Java 21.0.5 with PID 15216 (C:\Users\88693\Desktop\our resource\java\workspace\Convlo\Convlo\Convlo-Backend\target\classes started by 88693 in C:\Users\88693\Desktop\our resource\java\workspace\Convlo\Convlo\Convlo-Backend)
2024-12-15T16:27:34.438+08:00  INFO 15216 --- [springboot-chat] [main] chat.SpringbootChatApplication           : No active profile set, falling back to 1 default profile: "default"
2024-12-15T16:27:34.930+08:00  INFO 15216 --- [springboot-chat] [main] .s.d.r.c.RepositoryConfigurationDelegate : Bootstrapping Spring Data JPA repositories in DEFAULT mode.
2024-12-15T16:27:34.977+08:00  INFO 15216 --- [springboot-chat] [main] .s.d.r.c.RepositoryConfigurationDelegate : Finished Spring Data repository scanning in 42 ms. Found 3 JPA repository interfaces.
2024-12-15T16:27:35.338+08:00  INFO 15216 --- [springboot-chat] [main] o.s.b.w.embedded.tomcat.TomcatWebServer  : Tomcat initialized with port 8089 (http)
2024-12-15T16:27:35.348+08:00  INFO 15216 --- [springboot-chat] [main] o.apache.catalina.core.StandardService   : Starting service [Tomcat]
2024-12-15T16:27:35.348+08:00  INFO 15216 --- [springboot-chat] [main] o.apache.catalina.core.StandardEngine    : Starting Servlet engine: [Apache Tomcat/10.1.31]
2024-12-15T16:27:35.393+08:00  INFO 15216 --- [springboot-chat] [main] o.a.c.c.C.[Tomcat].[localhost].[/]       : Initializing Spring embedded WebApplicationContext
2024-12-15T16:27:35.393+08:00  INFO 15216 --- [springboot-chat] [main] w.s.c.ServletWebServerApplicationContext : Root WebApplicationContext: initialization completed in 927 ms
2024-12-15T16:27:35.504+08:00  INFO 15216 --- [springboot-chat] [main] o.hibernate.jpa.internal.util.LogHelper  : HHH000204: Processing PersistenceUnitInfo [name: default]
2024-12-15T16:27:35.542+08:00  INFO 15216 --- [springboot-chat] [main] org.hibernate.Version                    : HHH000412: Hibernate ORM core version 6.5.3.Final
2024-12-15T16:27:35.565+08:00  INFO 15216 --- [springboot-chat] [main] o.h.c.internal.RegionFactoryInitiator    : HHH000026: Second-level cache disabled
2024-12-15T16:27:35.775+08:00  INFO 15216 --- [springboot-chat] [main] o.s.o.j.p.SpringPersistenceUnitInfo      : No LoadTimeWeaver setup: ignoring JPA class transformer
2024-12-15T16:27:35.795+08:00  INFO 15216 --- [springboot-chat] [main] com.zaxxer.hikari.HikariDataSource       : HikariPool-1 - Starting...
2024-12-15T16:27:35.903+08:00  INFO 15216 --- [springboot-chat] [main] com.zaxxer.hikari.pool.HikariPool        : HikariPool-1 - Added connection com.mysql.cj.jdbc.ConnectionImpl@2ec5cc14
2024-12-15T16:27:35.904+08:00  INFO 15216 --- [springboot-chat] [main] com.zaxxer.hikari.HikariDataSource       : HikariPool-1 - Start completed.
2024-12-15T16:27:36.576+08:00  INFO 15216 --- [springboot-chat] [main] o.h.e.t.j.p.i.JtaPlatformInitiator       : HHH000489: No JTA platform available (set 'hibernate.transaction.jta.platform' to enable JTA platform integration)
2024-12-15T16:27:36.631+08:00  INFO 15216 --- [springboot-chat] [main] j.LocalContainerEntityManagerFactoryBean : Initialized JPA EntityManagerFactory for persistence unit 'default'
2024-12-15T16:27:36.807+08:00  INFO 15216 --- [springboot-chat] [main] o.s.d.j.r.query.QueryEnhancerFactory     : Hibernate is in classpath; If applicable, HQL parser will be used.
2024-12-15T16:27:37.319+08:00  WARN 15216 --- [springboot-chat] [main] JpaBaseConfiguration$JpaWebConfiguration : spring.jpa.open-in-view is enabled by default. Therefore, database queries may be performed during view rendering. Explicitly configure spring.jpa.open-in-view to disable this warning
2024-12-15T16:27:37.340+08:00  INFO 15216 --- [springboot-chat] [main] r$InitializeUserDetailsManagerConfigurer : Global AuthenticationManager configured with UserDetailsService bean with name userDetailsService
2024-12-15T16:27:37.702+08:00  INFO 15216 --- [springboot-chat] [main] o.s.b.w.embedded.tomcat.TomcatWebServer  : Tomcat started on port 8089 (http) with context path '/'
2024-12-15T16:27:37.705+08:00  INFO 15216 --- [springboot-chat] [main] o.s.a.r.c.CachingConnectionFactory       : Attempting to connect to: [localhost:5672]
2024-12-15T16:27:37.737+08:00  INFO 15216 --- [springboot-chat] [main] o.s.a.r.c.CachingConnectionFactory       : Created new connection: rabbitConnectionFactory#2526ecb7:0/SimpleConnection@190a5f74 [delegate=amqp://guest@127.0.0.1:5672/, localPort=63878]
2024-12-15T16:27:37.789+08:00  INFO 15216 --- [springboot-chat] [main] chat.SpringbootChatApplication           : Started SpringbootChatApplication in 3.609 seconds (process running for 4.031)
2024-12-15T16:27:42.255+08:00  INFO 15216 --- [springboot-chat] [http-nio-8089-exec-1] o.a.c.c.C.[Tomcat].[localhost].[/]       : Initializing Spring DispatcherServlet 'dispatcherServlet'
2024-12-15T16:27:42.255+08:00  INFO 15216 --- [springboot-chat] [http-nio-8089-exec-1] o.s.web.servlet.DispatcherServlet        : Initializing Servlet 'dispatcherServlet'
2024-12-15T16:27:42.255+08:00  INFO 15216 --- [springboot-chat] [http-nio-8089-exec-1] o.s.web.servlet.DispatcherServlet        : Completed initialization in 0 ms
2024-12-15T16:33:49.533+08:00  INFO 15216 --- [springboot-chat] [RMI TCP Connection(16)-127.0.0.1] inMXBeanRegistrar$SpringApplicationAdmin : Application shutdown requested.
2024-12-15T16:33:49.539+08:00  INFO 15216 --- [springboot-chat] [org.springframework.amqp.rabbit.RabbitListenerEndpointContainer#0-2] o.s.a.r.l.SimpleMessageListenerContainer : Waiting for workers to finish.
2024-12-15T16:33:49.540+08:00  INFO 15216 --- [springboot-chat] [org.springframework.amqp.rabbit.RabbitListenerEndpointContainer#1-2] o.s.a.r.l.SimpleMessageListenerContainer : Waiting for workers to finish.
2024-12-15T16:33:49.542+08:00  INFO 15216 --- [springboot-chat] [org.springframework.amqp.rabbit.RabbitListenerEndpointContainer#2-2] o.s.a.r.l.SimpleMessageListenerContainer : Waiting for workers to finish.
2024-12-15T16:33:50.369+08:00  INFO 15216 --- [springboot-chat] [org.springframework.amqp.rabbit.RabbitListenerEndpointContainer#2-2] o.s.a.r.l.SimpleMessageListenerContainer : Successfully waited for workers to finish.
2024-12-15T16:33:50.385+08:00  INFO 15216 --- [springboot-chat] [org.springframework.amqp.rabbit.RabbitListenerEndpointContainer#1-2] o.s.a.r.l.SimpleMessageListenerContainer : Successfully waited for workers to finish.
2024-12-15T16:33:50.385+08:00  INFO 15216 --- [springboot-chat] [org.springframework.amqp.rabbit.RabbitListenerEndpointContainer#0-2] o.s.a.r.l.SimpleMessageListenerContainer : Successfully waited for workers to finish.
2024-12-15T16:33:50.398+08:00  INFO 15216 --- [springboot-chat] [RMI TCP Connection(16)-127.0.0.1] j.LocalContainerEntityManagerFactoryBean : Closing JPA EntityManagerFactory for persistence unit 'default'
2024-12-15T16:33:50.400+08:00  INFO 15216 --- [springboot-chat] [RMI TCP Connection(16)-127.0.0.1] com.zaxxer.hikari.HikariDataSource       : HikariPool-1 - Shutdown initiated...
2024-12-15T16:33:50.406+08:00  INFO 15216 --- [springboot-chat] [RMI TCP Connection(16)-127.0.0.1] com.zaxxer.hikari.HikariDataSource       : HikariPool-1 - Shutdown completed.
2024-12-15T16:33:51.934+08:00  INFO 17052 --- [springboot-chat] [main] chat.SpringbootChatApplication           : Starting SpringbootChatApplication using Java 21.0.5 with PID 17052 (C:\Users\88693\Desktop\our resource\java\workspace\Convlo\Convlo\Convlo-Backend\target\classes started by 88693 in C:\Users\88693\Desktop\our resource\java\workspace\Convlo\Convlo\Convlo-Backend)
2024-12-15T16:33:51.936+08:00  INFO 17052 --- [springboot-chat] [main] chat.SpringbootChatApplication           : No active profile set, falling back to 1 default profile: "default"
2024-12-15T16:33:52.385+08:00  INFO 17052 --- [springboot-chat] [main] .s.d.r.c.RepositoryConfigurationDelegate : Bootstrapping Spring Data JPA repositories in DEFAULT mode.
2024-12-15T16:33:52.433+08:00  INFO 17052 --- [springboot-chat] [main] .s.d.r.c.RepositoryConfigurationDelegate : Finished Spring Data repository scanning in 43 ms. Found 3 JPA repository interfaces.
2024-12-15T16:33:52.794+08:00  INFO 17052 --- [springboot-chat] [main] o.s.b.w.embedded.tomcat.TomcatWebServer  : Tomcat initialized with port 8089 (http)
2024-12-15T16:33:52.806+08:00  INFO 17052 --- [springboot-chat] [main] o.apache.catalina.core.StandardService   : Starting service [Tomcat]
2024-12-15T16:33:52.806+08:00  INFO 17052 --- [springboot-chat] [main] o.apache.catalina.core.StandardEngine    : Starting Servlet engine: [Apache Tomcat/10.1.31]
2024-12-15T16:33:52.855+08:00  INFO 17052 --- [springboot-chat] [main] o.a.c.c.C.[Tomcat].[localhost].[/]       : Initializing Spring embedded WebApplicationContext
2024-12-15T16:33:52.855+08:00  INFO 17052 --- [springboot-chat] [main] w.s.c.ServletWebServerApplicationContext : Root WebApplicationContext: initialization completed in 893 ms
2024-12-15T16:33:52.966+08:00  INFO 17052 --- [springboot-chat] [main] o.hibernate.jpa.internal.util.LogHelper  : HHH000204: Processing PersistenceUnitInfo [name: default]
2024-12-15T16:33:53.000+08:00  INFO 17052 --- [springboot-chat] [main] org.hibernate.Version                    : HHH000412: Hibernate ORM core version 6.5.3.Final
2024-12-15T16:33:53.021+08:00  INFO 17052 --- [springboot-chat] [main] o.h.c.internal.RegionFactoryInitiator    : HHH000026: Second-level cache disabled
2024-12-15T16:33:53.227+08:00  INFO 17052 --- [springboot-chat] [main] o.s.o.j.p.SpringPersistenceUnitInfo      : No LoadTimeWeaver setup: ignoring JPA class transformer
2024-12-15T16:33:53.248+08:00  INFO 17052 --- [springboot-chat] [main] com.zaxxer.hikari.HikariDataSource       : HikariPool-1 - Starting...
2024-12-15T16:33:53.351+08:00  INFO 17052 --- [springboot-chat] [main] com.zaxxer.hikari.pool.HikariPool        : HikariPool-1 - Added connection com.mysql.cj.jdbc.ConnectionImpl@269308cc
2024-12-15T16:33:53.352+08:00  INFO 17052 --- [springboot-chat] [main] com.zaxxer.hikari.HikariDataSource       : HikariPool-1 - Start completed.
2024-12-15T16:33:54.022+08:00  INFO 17052 --- [springboot-chat] [main] o.h.e.t.j.p.i.JtaPlatformInitiator       : HHH000489: No JTA platform available (set 'hibernate.transaction.jta.platform' to enable JTA platform integration)
2024-12-15T16:33:54.076+08:00  INFO 17052 --- [springboot-chat] [main] j.LocalContainerEntityManagerFactoryBean : Initialized JPA EntityManagerFactory for persistence unit 'default'
2024-12-15T16:33:54.250+08:00  INFO 17052 --- [springboot-chat] [main] o.s.d.j.r.query.QueryEnhancerFactory     : Hibernate is in classpath; If applicable, HQL parser will be used.
2024-12-15T16:33:54.774+08:00  WARN 17052 --- [springboot-chat] [main] JpaBaseConfiguration$JpaWebConfiguration : spring.jpa.open-in-view is enabled by default. Therefore, database queries may be performed during view rendering. Explicitly configure spring.jpa.open-in-view to disable this warning
2024-12-15T16:33:54.795+08:00  INFO 17052 --- [springboot-chat] [main] r$InitializeUserDetailsManagerConfigurer : Global AuthenticationManager configured with UserDetailsService bean with name userDetailsService
2024-12-15T16:33:55.165+08:00  INFO 17052 --- [springboot-chat] [main] o.s.b.w.embedded.tomcat.TomcatWebServer  : Tomcat started on port 8089 (http) with context path '/'
2024-12-15T16:33:55.168+08:00  INFO 17052 --- [springboot-chat] [main] o.s.a.r.c.CachingConnectionFactory       : Attempting to connect to: [localhost:5672]
2024-12-15T16:33:55.199+08:00  INFO 17052 --- [springboot-chat] [main] o.s.a.r.c.CachingConnectionFactory       : Created new connection: rabbitConnectionFactory#78405f00:0/SimpleConnection@5bee88e3 [delegate=amqp://guest@127.0.0.1:5672/, localPort=63987]
2024-12-15T16:33:55.255+08:00  INFO 17052 --- [springboot-chat] [main] chat.SpringbootChatApplication           : Started SpringbootChatApplication in 3.569 seconds (process running for 3.991)
2024-12-15T16:34:02.078+08:00  INFO 17052 --- [springboot-chat] [http-nio-8089-exec-1] o.a.c.c.C.[Tomcat].[localhost].[/]       : Initializing Spring DispatcherServlet 'dispatcherServlet'
2024-12-15T16:34:02.078+08:00  INFO 17052 --- [springboot-chat] [http-nio-8089-exec-1] o.s.web.servlet.DispatcherServlet        : Initializing Servlet 'dispatcherServlet'
2024-12-15T16:34:02.080+08:00  INFO 17052 --- [springboot-chat] [http-nio-8089-exec-1] o.s.web.servlet.DispatcherServlet        : Completed initialization in 2 ms
2024-12-15T16:38:17.486+08:00 ERROR 17052 --- [springboot-chat] [http-nio-8089-exec-10] o.a.t.websocket.pojo.PojoEndpointBase    : Failed to call onError method of POJO end point for POJO of type [chat.websocket.AuthWebSocketServer]

java.lang.reflect.InvocationTargetException: null
	at java.base/jdk.internal.reflect.DirectMethodHandleAccessor.invoke(DirectMethodHandleAccessor.java:115) ~[na:na]
	at java.base/java.lang.reflect.Method.invoke(Method.java:580) ~[na:na]
	at org.apache.tomcat.websocket.pojo.PojoEndpointBase.onError(PojoEndpointBase.java:126) ~[tomcat-embed-websocket-10.1.31.jar:10.1.31]
	at org.apache.tomcat.websocket.server.WsHttpUpgradeHandler.onError(WsHttpUpgradeHandler.java:234) ~[tomcat-embed-websocket-10.1.31.jar:10.1.31]
	at org.apache.tomcat.websocket.server.WsHttpUpgradeHandler.upgradeDispatch(WsHttpUpgradeHandler.java:156) ~[tomcat-embed-websocket-10.1.31.jar:10.1.31]
	at org.apache.coyote.http11.upgrade.UpgradeProcessorInternal.dispatch(UpgradeProcessorInternal.java:60) ~[tomcat-embed-core-10.1.31.jar:10.1.31]
	at org.apache.coyote.AbstractProcessorLight.process(AbstractProcessorLight.java:57) ~[tomcat-embed-core-10.1.31.jar:10.1.31]
	at org.apache.coyote.AbstractProtocol$ConnectionHandler.process(AbstractProtocol.java:905) ~[tomcat-embed-core-10.1.31.jar:10.1.31]
	at org.apache.tomcat.util.net.NioEndpoint$SocketProcessor.doRun(NioEndpoint.java:1741) ~[tomcat-embed-core-10.1.31.jar:10.1.31]
	at org.apache.tomcat.util.net.SocketProcessorBase.run(SocketProcessorBase.java:52) ~[tomcat-embed-core-10.1.31.jar:10.1.31]
	at org.apache.tomcat.util.threads.ThreadPoolExecutor.runWorker(ThreadPoolExecutor.java:1190) ~[tomcat-embed-core-10.1.31.jar:10.1.31]
	at org.apache.tomcat.util.threads.ThreadPoolExecutor$Worker.run(ThreadPoolExecutor.java:659) ~[tomcat-embed-core-10.1.31.jar:10.1.31]
	at org.apache.tomcat.util.threads.TaskThread$WrappingRunnable.run(TaskThread.java:63) ~[tomcat-embed-core-10.1.31.jar:10.1.31]
	at java.base/java.lang.Thread.run(Thread.java:1583) ~[na:na]
Caused by: java.lang.NullPointerException: Cannot invoke "Object.hashCode()" because "key" is null
	at java.base/java.util.concurrent.ConcurrentHashMap.replaceNode(ConcurrentHashMap.java:1111) ~[na:na]
	at java.base/java.util.concurrent.ConcurrentHashMap.remove(ConcurrentHashMap.java:1102) ~[na:na]
	at chat.websocket.AuthWebSocketServer.onError(AuthWebSocketServer.java:81) ~[classes/:na]
	at java.base/jdk.internal.reflect.DirectMethodHandleAccessor.invoke(DirectMethodHandleAccessor.java:103) ~[na:na]
	... 13 common frames omitted

2024-12-15T16:38:17.486+08:00 ERROR 17052 --- [springboot-chat] [http-nio-8089-exec-3] o.a.t.websocket.pojo.PojoEndpointBase    : Failed to call onError method of POJO end point for POJO of type [chat.websocket.AuthWebSocketServer]

java.lang.reflect.InvocationTargetException: null
	at java.base/jdk.internal.reflect.DirectMethodHandleAccessor.invoke(DirectMethodHandleAccessor.java:115) ~[na:na]
	at java.base/java.lang.reflect.Method.invoke(Method.java:580) ~[na:na]
	at org.apache.tomcat.websocket.pojo.PojoEndpointBase.onError(PojoEndpointBase.java:126) ~[tomcat-embed-websocket-10.1.31.jar:10.1.31]
	at org.apache.tomcat.websocket.server.WsHttpUpgradeHandler.onError(WsHttpUpgradeHandler.java:234) ~[tomcat-embed-websocket-10.1.31.jar:10.1.31]
	at org.apache.tomcat.websocket.server.WsHttpUpgradeHandler.upgradeDispatch(WsHttpUpgradeHandler.java:156) ~[tomcat-embed-websocket-10.1.31.jar:10.1.31]
	at org.apache.coyote.http11.upgrade.UpgradeProcessorInternal.dispatch(UpgradeProcessorInternal.java:60) ~[tomcat-embed-core-10.1.31.jar:10.1.31]
	at org.apache.coyote.AbstractProcessorLight.process(AbstractProcessorLight.java:57) ~[tomcat-embed-core-10.1.31.jar:10.1.31]
	at org.apache.coyote.AbstractProtocol$ConnectionHandler.process(AbstractProtocol.java:905) ~[tomcat-embed-core-10.1.31.jar:10.1.31]
	at org.apache.tomcat.util.net.NioEndpoint$SocketProcessor.doRun(NioEndpoint.java:1741) ~[tomcat-embed-core-10.1.31.jar:10.1.31]
	at org.apache.tomcat.util.net.SocketProcessorBase.run(SocketProcessorBase.java:52) ~[tomcat-embed-core-10.1.31.jar:10.1.31]
	at org.apache.tomcat.util.threads.ThreadPoolExecutor.runWorker(ThreadPoolExecutor.java:1190) ~[tomcat-embed-core-10.1.31.jar:10.1.31]
	at org.apache.tomcat.util.threads.ThreadPoolExecutor$Worker.run(ThreadPoolExecutor.java:659) ~[tomcat-embed-core-10.1.31.jar:10.1.31]
	at org.apache.tomcat.util.threads.TaskThread$WrappingRunnable.run(TaskThread.java:63) ~[tomcat-embed-core-10.1.31.jar:10.1.31]
	at java.base/java.lang.Thread.run(Thread.java:1583) ~[na:na]
Caused by: java.lang.NullPointerException: Cannot invoke "Object.hashCode()" because "key" is null
	at java.base/java.util.concurrent.ConcurrentHashMap.replaceNode(ConcurrentHashMap.java:1111) ~[na:na]
	at java.base/java.util.concurrent.ConcurrentHashMap.remove(ConcurrentHashMap.java:1102) ~[na:na]
	at chat.websocket.AuthWebSocketServer.onError(AuthWebSocketServer.java:81) ~[classes/:na]
	at java.base/jdk.internal.reflect.DirectMethodHandleAccessor.invoke(DirectMethodHandleAccessor.java:103) ~[na:na]
	... 13 common frames omitted

2024-12-15T16:38:17.487+08:00 ERROR 17052 --- [springboot-chat] [http-nio-8089-exec-1] o.a.t.websocket.pojo.PojoEndpointBase    : Failed to call onError method of POJO end point for POJO of type [chat.websocket.CHatWebSocketServer]

java.lang.reflect.InvocationTargetException: null
	at java.base/jdk.internal.reflect.DirectMethodHandleAccessor.invoke(DirectMethodHandleAccessor.java:115) ~[na:na]
	at java.base/java.lang.reflect.Method.invoke(Method.java:580) ~[na:na]
	at org.apache.tomcat.websocket.pojo.PojoEndpointBase.onError(PojoEndpointBase.java:126) ~[tomcat-embed-websocket-10.1.31.jar:10.1.31]
	at org.apache.tomcat.websocket.server.WsHttpUpgradeHandler.onError(WsHttpUpgradeHandler.java:234) ~[tomcat-embed-websocket-10.1.31.jar:10.1.31]
	at org.apache.tomcat.websocket.server.WsHttpUpgradeHandler.upgradeDispatch(WsHttpUpgradeHandler.java:156) ~[tomcat-embed-websocket-10.1.31.jar:10.1.31]
	at org.apache.coyote.http11.upgrade.UpgradeProcessorInternal.dispatch(UpgradeProcessorInternal.java:60) ~[tomcat-embed-core-10.1.31.jar:10.1.31]
	at org.apache.coyote.AbstractProcessorLight.process(AbstractProcessorLight.java:57) ~[tomcat-embed-core-10.1.31.jar:10.1.31]
	at org.apache.coyote.AbstractProtocol$ConnectionHandler.process(AbstractProtocol.java:905) ~[tomcat-embed-core-10.1.31.jar:10.1.31]
	at org.apache.tomcat.util.net.NioEndpoint$SocketProcessor.doRun(NioEndpoint.java:1741) ~[tomcat-embed-core-10.1.31.jar:10.1.31]
	at org.apache.tomcat.util.net.SocketProcessorBase.run(SocketProcessorBase.java:52) ~[tomcat-embed-core-10.1.31.jar:10.1.31]
	at org.apache.tomcat.util.threads.ThreadPoolExecutor.runWorker(ThreadPoolExecutor.java:1190) ~[tomcat-embed-core-10.1.31.jar:10.1.31]
	at org.apache.tomcat.util.threads.ThreadPoolExecutor$Worker.run(ThreadPoolExecutor.java:659) ~[tomcat-embed-core-10.1.31.jar:10.1.31]
	at org.apache.tomcat.util.threads.TaskThread$WrappingRunnable.run(TaskThread.java:63) ~[tomcat-embed-core-10.1.31.jar:10.1.31]
	at java.base/java.lang.Thread.run(Thread.java:1583) ~[na:na]
Caused by: java.lang.NullPointerException: Cannot invoke "java.util.concurrent.ConcurrentHashMap.remove(Object)" because "sessions" is null
	at chat.websocket.CHatWebSocketServer.lambda$4(CHatWebSocketServer.java:122) ~[classes/:na]
	at java.base/java.util.concurrent.ConcurrentHashMap.compute(ConcurrentHashMap.java:1916) ~[na:na]
	at chat.websocket.CHatWebSocketServer.onError(CHatWebSocketServer.java:121) ~[classes/:na]
	at java.base/jdk.internal.reflect.DirectMethodHandleAccessor.invoke(DirectMethodHandleAccessor.java:103) ~[na:na]
	... 13 common frames omitted

2024-12-15T16:38:43.686+08:00  WARN 17052 --- [springboot-chat] [HikariPool-1 housekeeper] com.zaxxer.hikari.pool.HikariPool        : HikariPool-1 - Thread starvation or clock leap detected (housekeeper delta=50s231ms408s200ns).
2024-12-15T16:52:15.176+08:00  INFO 17052 --- [springboot-chat] [RMI TCP Connection(26)-127.0.0.1] inMXBeanRegistrar$SpringApplicationAdmin : Application shutdown requested.
2024-12-15T16:52:15.183+08:00  INFO 17052 --- [springboot-chat] [org.springframework.amqp.rabbit.RabbitListenerEndpointContainer#0-2] o.s.a.r.l.SimpleMessageListenerContainer : Waiting for workers to finish.
2024-12-15T16:52:15.185+08:00  INFO 17052 --- [springboot-chat] [org.springframework.amqp.rabbit.RabbitListenerEndpointContainer#1-2] o.s.a.r.l.SimpleMessageListenerContainer : Waiting for workers to finish.
2024-12-15T16:52:15.186+08:00  INFO 17052 --- [springboot-chat] [org.springframework.amqp.rabbit.RabbitListenerEndpointContainer#2-2] o.s.a.r.l.SimpleMessageListenerContainer : Waiting for workers to finish.
2024-12-15T16:52:15.275+08:00  INFO 17052 --- [springboot-chat] [org.springframework.amqp.rabbit.RabbitListenerEndpointContainer#2-2] o.s.a.r.l.SimpleMessageListenerContainer : Successfully waited for workers to finish.
2024-12-15T16:52:15.275+08:00  INFO 17052 --- [springboot-chat] [org.springframework.amqp.rabbit.RabbitListenerEndpointContainer#1-2] o.s.a.r.l.SimpleMessageListenerContainer : Successfully waited for workers to finish.
2024-12-15T16:52:15.275+08:00  INFO 17052 --- [springboot-chat] [org.springframework.amqp.rabbit.RabbitListenerEndpointContainer#0-2] o.s.a.r.l.SimpleMessageListenerContainer : Successfully waited for workers to finish.
2024-12-15T16:52:15.294+08:00  INFO 17052 --- [springboot-chat] [RMI TCP Connection(26)-127.0.0.1] j.LocalContainerEntityManagerFactoryBean : Closing JPA EntityManagerFactory for persistence unit 'default'
2024-12-15T16:52:15.296+08:00  INFO 17052 --- [springboot-chat] [RMI TCP Connection(26)-127.0.0.1] com.zaxxer.hikari.HikariDataSource       : HikariPool-1 - Shutdown initiated...
2024-12-15T16:52:15.303+08:00  INFO 17052 --- [springboot-chat] [RMI TCP Connection(26)-127.0.0.1] com.zaxxer.hikari.HikariDataSource       : HikariPool-1 - Shutdown completed.
